#! /usr/bin/vvp
:ivl_version "11.0 (stable)";
:ivl_delay_selection "TYPICAL";
:vpi_time_precision - 12;
:vpi_module "/usr/lib/aarch64-linux-gnu/ivl/system.vpi";
:vpi_module "/usr/lib/aarch64-linux-gnu/ivl/vhdl_sys.vpi";
:vpi_module "/usr/lib/aarch64-linux-gnu/ivl/vhdl_textio.vpi";
:vpi_module "/usr/lib/aarch64-linux-gnu/ivl/v2005_math.vpi";
:vpi_module "/usr/lib/aarch64-linux-gnu/ivl/va_math.vpi";
S_0xaaab19cc8850 .scope module, "cpu_tb" "cpu_tb" 2 11;
 .timescale -9 -12;
v0xaaab19cfa0a0_0 .var "PC_prv", 31 0;
v0xaaab19cfa1a0_0 .var "clock", 0 0;
v0xaaab19cfa260_0 .var/i "f", 31 0;
v0xaaab19cfa300_0 .var/i "i", 31 0;
v0xaaab19cfa3e0_0 .var "reset", 0 0;
v0xaaab19cfa480_0 .net "stringvar", 208 1, L_0xaaab19d108c0;  1 drivers
S_0xaaab19c20060 .scope module, "cpu0" "cpu" 2 19, 3 8 0, S_0xaaab19cc8850;
 .timescale -9 -12;
    .port_info 0 /INPUT 1 "clock";
    .port_info 1 /INPUT 1 "reset";
L_0xffffa53e62e8 .functor BUFT 1, C4<0>, C4<0>, C4<0>, C4<0>;
L_0xaaab19cb5900 .functor XNOR 1, v0xaaab19cf3820_0, L_0xffffa53e62e8, C4<0>, C4<0>;
L_0xffffa53e6648 .functor BUFT 1, C4<0>, C4<0>, C4<0>, C4<0>;
L_0xaaab19d0e8c0 .functor XNOR 1, v0xaaab19cf3c40_0, L_0xffffa53e6648, C4<0>, C4<0>;
v0xaaab19cf2830_0 .net "ALUInA", 31 0, L_0xaaab19d0cd60;  1 drivers
v0xaaab19cf2910_0 .net "ALUInB", 31 0, L_0xaaab19d0d570;  1 drivers
v0xaaab19cf29e0_0 .net "ALUOp", 3 0, v0xaaab19ceb790_0;  1 drivers
v0xaaab19cf2ab0_0 .net "ALUOut", 31 0, L_0xaaab19d0f4a0;  1 drivers
v0xaaab19cf2b50_0 .net "ALUSrc", 0 0, v0xaaab19cebec0_0;  1 drivers
v0xaaab19cf2c40_0 .net "ALUcntrl", 1 0, v0xaaab19cebfa0_0;  1 drivers
v0xaaab19cf2d10_0 .net "Branch", 0 0, v0xaaab19cec080_0;  1 drivers
v0xaaab19cf2de0_0 .net "DMemOut", 31 0, L_0xaaab19d100f0;  1 drivers
v0xaaab19cf2eb0_0 .var "EXMEM_ALUOut", 31 0;
v0xaaab19cf2f80_0 .var "EXMEM_Branch", 0 0;
v0xaaab19cf3020_0 .var "EXMEM_MemRead", 0 0;
v0xaaab19cf30f0_0 .var "EXMEM_MemToReg", 0 0;
v0xaaab19cf3190_0 .var "EXMEM_MemWrite", 0 0;
v0xaaab19cf3260_0 .var "EXMEM_MemWriteData", 31 0;
v0xaaab19cf3330_0 .var "EXMEM_RegWrite", 0 0;
v0xaaab19cf3400_0 .var "EXMEM_RegWriteAddr", 4 0;
v0xaaab19cf34d0_0 .var "EXMEM_Zero", 0 0;
v0xaaab19cf3680_0 .net "ForwardA", 1 0, v0xaaab19cb3bd0_0;  1 drivers
v0xaaab19cf3750_0 .net "ForwardB", 1 0, v0xaaab19cb3ca0_0;  1 drivers
v0xaaab19cf3820_0 .var "IDEX_ALUSrc", 0 0;
v0xaaab19cf38c0_0 .var "IDEX_ALUcntrl", 1 0;
v0xaaab19cf3990_0 .var "IDEX_Branch", 0 0;
v0xaaab19cf3a30_0 .var "IDEX_MemRead", 0 0;
v0xaaab19cf3b00_0 .var "IDEX_MemToReg", 0 0;
v0xaaab19cf3ba0_0 .var "IDEX_MemWrite", 0 0;
v0xaaab19cf3c40_0 .var "IDEX_RegDst", 0 0;
v0xaaab19cf3d00_0 .var "IDEX_RegWrite", 0 0;
v0xaaab19cf3dc0_0 .var "IDEX_instr_rd", 4 0;
v0xaaab19cf3eb0_0 .var "IDEX_instr_rs", 4 0;
v0xaaab19cf3f80_0 .var "IDEX_instr_rt", 4 0;
v0xaaab19cf4020_0 .var "IDEX_rdA", 31 0;
v0xaaab19cf4100_0 .var "IDEX_rdB", 31 0;
v0xaaab19cf41e0_0 .var "IDEX_signExtend", 31 0;
v0xaaab19cf44d0_0 .var "IDEX_signExtendshamt", 31 0;
v0xaaab19cf45b0_0 .var "IFID_PCplus4", 31 0;
v0xaaab19cf4690_0 .net "IFID_Write", 0 0, v0xaaab19ceb0a0_0;  1 drivers
v0xaaab19cf4730_0 .var "IFID_instr", 31 0;
v0xaaab19cf47f0_0 .var "MEMWB_ALUOut", 31 0;
v0xaaab19cf48d0_0 .var "MEMWB_DMemOut", 31 0;
v0xaaab19cf49b0_0 .var "MEMWB_MemToReg", 0 0;
v0xaaab19cf4a70_0 .var "MEMWB_RegWrite", 0 0;
v0xaaab19cf4b60_0 .var "MEMWB_RegWriteAddr", 4 0;
v0xaaab19cf4c70_0 .net "MUX_select", 0 0, v0xaaab19ceb330_0;  1 drivers
v0xaaab19cf4d10_0 .net "MemRead", 0 0, v0xaaab19cec120_0;  1 drivers
v0xaaab19cf4db0_0 .net "MemToReg", 0 0, v0xaaab19cec1e0_0;  1 drivers
v0xaaab19cf4e80_0 .net "MemWrite", 0 0, v0xaaab19cec2f0_0;  1 drivers
v0xaaab19cf4f50_0 .var "PC", 31 0;
v0xaaab19cf4ff0_0 .net "PC_Write", 0 0, v0xaaab19ceb3f0_0;  1 drivers
v0xaaab19cf50c0_0 .net "RegDst", 0 0, v0xaaab19cec3b0_0;  1 drivers
v0xaaab19cf5190_0 .net "RegWrite", 0 0, v0xaaab19cec470_0;  1 drivers
v0xaaab19cf5260_0 .net "RegWriteAddr", 4 0, L_0xaaab19d0f310;  1 drivers
v0xaaab19cf5300_0 .net "Zero", 0 0, L_0xaaab19d0f680;  1 drivers
v0xaaab19cf53d0_0 .net *"_ivl_27", 0 0, L_0xaaab19d0b730;  1 drivers
v0xaaab19cf5470_0 .net *"_ivl_28", 15 0, L_0xaaab19d0b880;  1 drivers
v0xaaab19cf5510_0 .net *"_ivl_33", 0 0, L_0xaaab19d0bbd0;  1 drivers
v0xaaab19cf55f0_0 .net *"_ivl_34", 26 0, L_0xaaab19d0bcc0;  1 drivers
v0xaaab19cf56d0_0 .net *"_ivl_43", 0 0, L_0xaaab19d0c850;  1 drivers
v0xaaab19cf57b0_0 .net *"_ivl_45", 0 0, L_0xaaab19d0c9e0;  1 drivers
v0xaaab19cf5890_0 .net *"_ivl_46", 31 0, L_0xaaab19d0ca80;  1 drivers
v0xaaab19cf5970_0 .net *"_ivl_48", 31 0, L_0xaaab19d0c940;  1 drivers
v0xaaab19cf5a50_0 .net/2u *"_ivl_52", 0 0, L_0xffffa53e62e8;  1 drivers
v0xaaab19cf5b30_0 .net *"_ivl_54", 0 0, L_0xaaab19cb5900;  1 drivers
v0xaaab19cf5bf0_0 .net *"_ivl_57", 0 0, L_0xaaab19d0d000;  1 drivers
v0xaaab19cf5cd0_0 .net *"_ivl_59", 0 0, L_0xaaab19d0d0f0;  1 drivers
v0xaaab19cf5db0_0 .net *"_ivl_6", 29 0, L_0xaaab19d0ad80;  1 drivers
v0xaaab19cf62a0_0 .net *"_ivl_60", 31 0, L_0xaaab19d0d260;  1 drivers
v0xaaab19cf6380_0 .net *"_ivl_62", 31 0, L_0xaaab19d0d350;  1 drivers
v0xaaab19cf6460_0 .net/2u *"_ivl_66", 0 0, L_0xffffa53e6648;  1 drivers
v0xaaab19cf6540_0 .net *"_ivl_68", 0 0, L_0xaaab19d0e8c0;  1 drivers
L_0xffffa53e61c8 .functor BUFT 1, C4<00>, C4<0>, C4<0>, C4<0>;
v0xaaab19cf6600_0 .net *"_ivl_8", 1 0, L_0xffffa53e61c8;  1 drivers
v0xaaab19cf66e0_0 .net "clock", 0 0, v0xaaab19cfa1a0_0;  1 drivers
v0xaaab19cf6780_0 .net "func", 5 0, L_0xaaab19d0b0f0;  1 drivers
v0xaaab19cf6860_0 .net "imm", 15 0, L_0xaaab19d0b690;  1 drivers
v0xaaab19cf6940_0 .net "instr", 31 0, L_0xaaab19d0aa90;  1 drivers
v0xaaab19cf6a30_0 .net "instr_rd", 4 0, L_0xaaab19d0b490;  1 drivers
v0xaaab19cf6af0_0 .net "instr_rs", 4 0, L_0xaaab19d0b2c0;  1 drivers
v0xaaab19cf6be0_0 .net "instr_rt", 4 0, L_0xaaab19d0b3a0;  1 drivers
v0xaaab19cf6cb0_0 .net "opcode", 5 0, L_0xaaab19d0b000;  1 drivers
v0xaaab19cf6d80_0 .net "rdA", 31 0, L_0xaaab19d0bb60;  1 drivers
v0xaaab19cf6e50_0 .net "rdB", 31 0, L_0xaaab19cb3a70;  1 drivers
v0xaaab19cf6f20_0 .net "reset", 0 0, v0xaaab19cfa3e0_0;  1 drivers
v0xaaab19cf6fc0_0 .net "shamt", 4 0, L_0xaaab19d0b220;  1 drivers
v0xaaab19cf7080_0 .net "shift", 0 0, v0xaaab19ceba30_0;  1 drivers
v0xaaab19cf7150_0 .net "signExtend", 31 0, L_0xaaab19d0bac0;  1 drivers
v0xaaab19cf7210_0 .net "signExtendshamt", 31 0, L_0xaaab19d0c130;  1 drivers
v0xaaab19cf72f0_0 .net "wRegData", 31 0, L_0xaaab19d102d0;  1 drivers
E_0xaaab19c15bb0/0 .event negedge, v0xaaab19ced930_0;
E_0xaaab19c15bb0/1 .event posedge, v0xaaab19ced530_0;
E_0xaaab19c15bb0 .event/or E_0xaaab19c15bb0/0, E_0xaaab19c15bb0/1;
L_0xaaab19d0ad80 .part v0xaaab19cf4f50_0, 2, 30;
L_0xaaab19d0ae70 .concat [ 30 2 0 0], L_0xaaab19d0ad80, L_0xffffa53e61c8;
L_0xaaab19d0b000 .part v0xaaab19cf4730_0, 26, 6;
L_0xaaab19d0b0f0 .part v0xaaab19cf4730_0, 0, 6;
L_0xaaab19d0b220 .part v0xaaab19cf4730_0, 6, 5;
L_0xaaab19d0b2c0 .part v0xaaab19cf4730_0, 21, 5;
L_0xaaab19d0b3a0 .part v0xaaab19cf4730_0, 16, 5;
L_0xaaab19d0b490 .part v0xaaab19cf4730_0, 11, 5;
L_0xaaab19d0b690 .part v0xaaab19cf4730_0, 0, 16;
L_0xaaab19d0b730 .part L_0xaaab19d0b690, 15, 1;
LS_0xaaab19d0b880_0_0 .concat [ 1 1 1 1], L_0xaaab19d0b730, L_0xaaab19d0b730, L_0xaaab19d0b730, L_0xaaab19d0b730;
LS_0xaaab19d0b880_0_4 .concat [ 1 1 1 1], L_0xaaab19d0b730, L_0xaaab19d0b730, L_0xaaab19d0b730, L_0xaaab19d0b730;
LS_0xaaab19d0b880_0_8 .concat [ 1 1 1 1], L_0xaaab19d0b730, L_0xaaab19d0b730, L_0xaaab19d0b730, L_0xaaab19d0b730;
LS_0xaaab19d0b880_0_12 .concat [ 1 1 1 1], L_0xaaab19d0b730, L_0xaaab19d0b730, L_0xaaab19d0b730, L_0xaaab19d0b730;
L_0xaaab19d0b880 .concat [ 4 4 4 4], LS_0xaaab19d0b880_0_0, LS_0xaaab19d0b880_0_4, LS_0xaaab19d0b880_0_8, LS_0xaaab19d0b880_0_12;
L_0xaaab19d0bac0 .concat [ 16 16 0 0], L_0xaaab19d0b690, L_0xaaab19d0b880;
L_0xaaab19d0bbd0 .part L_0xaaab19d0b220, 4, 1;
LS_0xaaab19d0bcc0_0_0 .concat [ 1 1 1 1], L_0xaaab19d0bbd0, L_0xaaab19d0bbd0, L_0xaaab19d0bbd0, L_0xaaab19d0bbd0;
LS_0xaaab19d0bcc0_0_4 .concat [ 1 1 1 1], L_0xaaab19d0bbd0, L_0xaaab19d0bbd0, L_0xaaab19d0bbd0, L_0xaaab19d0bbd0;
LS_0xaaab19d0bcc0_0_8 .concat [ 1 1 1 1], L_0xaaab19d0bbd0, L_0xaaab19d0bbd0, L_0xaaab19d0bbd0, L_0xaaab19d0bbd0;
LS_0xaaab19d0bcc0_0_12 .concat [ 1 1 1 1], L_0xaaab19d0bbd0, L_0xaaab19d0bbd0, L_0xaaab19d0bbd0, L_0xaaab19d0bbd0;
LS_0xaaab19d0bcc0_0_16 .concat [ 1 1 1 1], L_0xaaab19d0bbd0, L_0xaaab19d0bbd0, L_0xaaab19d0bbd0, L_0xaaab19d0bbd0;
LS_0xaaab19d0bcc0_0_20 .concat [ 1 1 1 1], L_0xaaab19d0bbd0, L_0xaaab19d0bbd0, L_0xaaab19d0bbd0, L_0xaaab19d0bbd0;
LS_0xaaab19d0bcc0_0_24 .concat [ 1 1 1 0], L_0xaaab19d0bbd0, L_0xaaab19d0bbd0, L_0xaaab19d0bbd0;
LS_0xaaab19d0bcc0_1_0 .concat [ 4 4 4 4], LS_0xaaab19d0bcc0_0_0, LS_0xaaab19d0bcc0_0_4, LS_0xaaab19d0bcc0_0_8, LS_0xaaab19d0bcc0_0_12;
LS_0xaaab19d0bcc0_1_4 .concat [ 4 4 3 0], LS_0xaaab19d0bcc0_0_16, LS_0xaaab19d0bcc0_0_20, LS_0xaaab19d0bcc0_0_24;
L_0xaaab19d0bcc0 .concat [ 16 11 0 0], LS_0xaaab19d0bcc0_1_0, LS_0xaaab19d0bcc0_1_4;
L_0xaaab19d0c130 .concat [ 5 27 0 0], L_0xaaab19d0b220, L_0xaaab19d0bcc0;
L_0xaaab19d0c680 .part v0xaaab19cf4730_0, 16, 5;
L_0xaaab19d0c7b0 .part v0xaaab19cf4730_0, 21, 5;
L_0xaaab19d0c850 .part v0xaaab19cb3bd0_0, 1, 1;
L_0xaaab19d0c9e0 .part v0xaaab19cb3bd0_0, 0, 1;
L_0xaaab19d0ca80 .functor MUXZ 32, v0xaaab19cf4020_0, L_0xaaab19d102d0, L_0xaaab19d0c9e0, C4<>;
L_0xaaab19d0c940 .functor MUXZ 32, L_0xaaab19d0ca80, v0xaaab19cf2eb0_0, L_0xaaab19d0c850, C4<>;
L_0xaaab19d0cd60 .functor MUXZ 32, L_0xaaab19d0c940, v0xaaab19cf44d0_0, v0xaaab19ceba30_0, C4<>;
L_0xaaab19d0d000 .part v0xaaab19cb3ca0_0, 1, 1;
L_0xaaab19d0d0f0 .part v0xaaab19cb3ca0_0, 0, 1;
L_0xaaab19d0d260 .functor MUXZ 32, v0xaaab19cf4100_0, L_0xaaab19d102d0, L_0xaaab19d0d0f0, C4<>;
L_0xaaab19d0d350 .functor MUXZ 32, L_0xaaab19d0d260, v0xaaab19cf2eb0_0, L_0xaaab19d0d000, C4<>;
L_0xaaab19d0d570 .functor MUXZ 32, v0xaaab19cf41e0_0, L_0xaaab19d0d350, L_0xaaab19cb5900, C4<>;
L_0xaaab19d0f310 .functor MUXZ 5, v0xaaab19cf3dc0_0, v0xaaab19cf3f80_0, L_0xaaab19d0e8c0, C4<>;
L_0xaaab19d0fa50 .part v0xaaab19cf41e0_0, 0, 6;
L_0xaaab19d102d0 .functor MUXZ 32, v0xaaab19cf47f0_0, v0xaaab19cf48d0_0, v0xaaab19cf49b0_0, C4<>;
S_0xaaab19c9b220 .scope module, "Forward_Unit" "Forwarding" 3 203, 4 81 0, S_0xaaab19c20060;
 .timescale -9 -12;
    .port_info 0 /OUTPUT 2 "ForwardA";
    .port_info 1 /OUTPUT 2 "ForwardB";
    .port_info 2 /INPUT 1 "MEMWB_RegWrite";
    .port_info 3 /INPUT 1 "EXMEM_RegWrite";
    .port_info 4 /INPUT 5 "IDEX_instr_rd";
    .port_info 5 /INPUT 5 "IDEX_instr_rs";
    .port_info 6 /INPUT 5 "IDEX_instr_rt";
    .port_info 7 /INPUT 5 "EXMEM_RegWriteAddr";
    .port_info 8 /INPUT 5 "MEMWB_instr_rd";
v0xaaab19cb0f60_0 .net "EXMEM_RegWrite", 0 0, v0xaaab19cf3330_0;  1 drivers
v0xaaab19cb1030_0 .net "EXMEM_RegWriteAddr", 4 0, v0xaaab19cf3400_0;  1 drivers
v0xaaab19cb3bd0_0 .var "ForwardA", 1 0;
v0xaaab19cb3ca0_0 .var "ForwardB", 1 0;
v0xaaab19cb5a20_0 .net "IDEX_instr_rd", 4 0, v0xaaab19cf3dc0_0;  1 drivers
v0xaaab19cb5ac0_0 .net "IDEX_instr_rs", 4 0, v0xaaab19cf3eb0_0;  1 drivers
v0xaaab19c8b550_0 .net "IDEX_instr_rt", 4 0, v0xaaab19cf3f80_0;  1 drivers
v0xaaab19cea9b0_0 .net "MEMWB_RegWrite", 0 0, v0xaaab19cf4a70_0;  1 drivers
v0xaaab19ceaa70_0 .net "MEMWB_instr_rd", 4 0, v0xaaab19cf4b60_0;  1 drivers
E_0xaaab19cc9af0/0 .event edge, v0xaaab19cb0f60_0, v0xaaab19cb1030_0, v0xaaab19cb5ac0_0, v0xaaab19c8b550_0;
E_0xaaab19cc9af0/1 .event edge, v0xaaab19cea9b0_0, v0xaaab19ceaa70_0;
E_0xaaab19cc9af0 .event/or E_0xaaab19cc9af0/0, E_0xaaab19cc9af0/1;
S_0xaaab19ceac70 .scope module, "HazardUnit" "HazardUnit" 3 148, 4 108 0, S_0xaaab19c20060;
 .timescale -9 -12;
    .port_info 0 /INPUT 1 "IDEX_MemRead";
    .port_info 1 /INPUT 5 "IDEX_instr_rt";
    .port_info 2 /INPUT 5 "IFID_instr_rt";
    .port_info 3 /INPUT 5 "IFID_instr_rs";
    .port_info 4 /OUTPUT 1 "PC_Write";
    .port_info 5 /OUTPUT 1 "IFID_Write";
    .port_info 6 /OUTPUT 1 "MUX_select";
v0xaaab19ceaf00_0 .net "IDEX_MemRead", 0 0, v0xaaab19cf3a30_0;  1 drivers
v0xaaab19ceafe0_0 .net "IDEX_instr_rt", 4 0, v0xaaab19cf3f80_0;  alias, 1 drivers
v0xaaab19ceb0a0_0 .var "IFID_Write", 0 0;
v0xaaab19ceb140_0 .net "IFID_instr_rs", 4 0, L_0xaaab19d0c7b0;  1 drivers
v0xaaab19ceb200_0 .net "IFID_instr_rt", 4 0, L_0xaaab19d0c680;  1 drivers
v0xaaab19ceb330_0 .var "MUX_select", 0 0;
v0xaaab19ceb3f0_0 .var "PC_Write", 0 0;
E_0xaaab19cc5870 .event edge, v0xaaab19ceaf00_0, v0xaaab19c8b550_0, v0xaaab19ceb200_0, v0xaaab19ceb140_0;
S_0xaaab19ceb590 .scope module, "control_alu" "control_alu" 3 199, 4 132 0, S_0xaaab19c20060;
 .timescale -9 -12;
    .port_info 0 /OUTPUT 4 "ALUOp";
    .port_info 1 /OUTPUT 1 "shift";
    .port_info 2 /INPUT 2 "ALUcntrl";
    .port_info 3 /INPUT 6 "func";
v0xaaab19ceb790_0 .var "ALUOp", 3 0;
v0xaaab19ceb890_0 .net "ALUcntrl", 1 0, v0xaaab19cf38c0_0;  1 drivers
v0xaaab19ceb970_0 .net "func", 5 0, L_0xaaab19d0fa50;  1 drivers
v0xaaab19ceba30_0 .var "shift", 0 0;
E_0xaaab19ca9640 .event edge, v0xaaab19ceb970_0, v0xaaab19ceb890_0;
S_0xaaab19cebb70 .scope module, "control_main" "control_main" 3 136, 4 5 0, S_0xaaab19c20060;
 .timescale -9 -12;
    .port_info 0 /OUTPUT 1 "RegDst";
    .port_info 1 /OUTPUT 1 "Branch";
    .port_info 2 /OUTPUT 1 "MemRead";
    .port_info 3 /OUTPUT 1 "MemWrite";
    .port_info 4 /OUTPUT 1 "MemToReg";
    .port_info 5 /OUTPUT 1 "ALUSrc";
    .port_info 6 /OUTPUT 1 "RegWrite";
    .port_info 7 /OUTPUT 2 "ALUcntrl";
    .port_info 8 /INPUT 6 "opcode";
v0xaaab19cebec0_0 .var "ALUSrc", 0 0;
v0xaaab19cebfa0_0 .var "ALUcntrl", 1 0;
v0xaaab19cec080_0 .var "Branch", 0 0;
v0xaaab19cec120_0 .var "MemRead", 0 0;
v0xaaab19cec1e0_0 .var "MemToReg", 0 0;
v0xaaab19cec2f0_0 .var "MemWrite", 0 0;
v0xaaab19cec3b0_0 .var "RegDst", 0 0;
v0xaaab19cec470_0 .var "RegWrite", 0 0;
v0xaaab19cec530_0 .net "opcode", 5 0, L_0xaaab19d0b000;  alias, 1 drivers
E_0xaaab19c1c7a0 .event edge, v0xaaab19cec530_0;
S_0xaaab19cec7c0 .scope module, "cpu_DMem" "Memory" 3 219, 5 35 0, S_0xaaab19c20060;
 .timescale -9 -12;
    .port_info 0 /INPUT 1 "clock";
    .port_info 1 /INPUT 1 "reset";
    .port_info 2 /INPUT 1 "ren";
    .port_info 3 /INPUT 1 "wen";
    .port_info 4 /INPUT 32 "addr";
    .port_info 5 /INPUT 32 "din";
    .port_info 6 /OUTPUT 32 "dout";
L_0xffffa53e6690 .functor BUFT 1, C4<0>, C4<0>, C4<0>, C4<0>;
L_0xaaab19d0fb40 .functor XNOR 1, v0xaaab19cf3190_0, L_0xffffa53e6690, C4<0>, C4<0>;
L_0xffffa53e66d8 .functor BUFT 1, C4<1>, C4<0>, C4<0>, C4<0>;
L_0xaaab19d0fc50 .functor XNOR 1, v0xaaab19cf3020_0, L_0xffffa53e66d8, C4<0>, C4<0>;
L_0xaaab19d0fd60 .functor AND 1, L_0xaaab19d0fb40, L_0xaaab19d0fc50, C4<1>, C4<1>;
v0xaaab19cecb10_0 .net/2u *"_ivl_0", 0 0, L_0xffffa53e6690;  1 drivers
v0xaaab19cecc10_0 .net *"_ivl_10", 31 0, L_0xaaab19d0fe70;  1 drivers
v0xaaab19ceccf0_0 .net *"_ivl_13", 9 0, L_0xaaab19d0ff10;  1 drivers
v0xaaab19cecdb0_0 .net *"_ivl_14", 13 0, L_0xaaab19d0ffb0;  1 drivers
L_0xffffa53e6720 .functor BUFT 1, C4<0000>, C4<0>, C4<0>, C4<0>;
v0xaaab19cece90_0 .net *"_ivl_17", 3 0, L_0xffffa53e6720;  1 drivers
L_0xffffa53e6768 .functor BUFT 1, C4<xxxxxxxxxxxxxxxxxxxxxxxxxxxxxxxx>, C4<0>, C4<0>, C4<0>;
v0xaaab19cecfc0_0 .net *"_ivl_18", 31 0, L_0xffffa53e6768;  1 drivers
v0xaaab19ced0a0_0 .net *"_ivl_2", 0 0, L_0xaaab19d0fb40;  1 drivers
v0xaaab19ced160_0 .net/2u *"_ivl_4", 0 0, L_0xffffa53e66d8;  1 drivers
v0xaaab19ced240_0 .net *"_ivl_6", 0 0, L_0xaaab19d0fc50;  1 drivers
v0xaaab19ced390_0 .net *"_ivl_9", 0 0, L_0xaaab19d0fd60;  1 drivers
v0xaaab19ced450_0 .net "addr", 31 0, v0xaaab19cf2eb0_0;  1 drivers
v0xaaab19ced530_0 .net "clock", 0 0, v0xaaab19cfa1a0_0;  alias, 1 drivers
v0xaaab19ced5f0 .array "data", 0 4095, 31 0;
v0xaaab19ced6b0_0 .net "din", 31 0, v0xaaab19cf3260_0;  1 drivers
v0xaaab19ced790_0 .net "dout", 31 0, L_0xaaab19d100f0;  alias, 1 drivers
v0xaaab19ced870_0 .net "ren", 0 0, v0xaaab19cf3020_0;  1 drivers
v0xaaab19ced930_0 .net "reset", 0 0, v0xaaab19cfa3e0_0;  alias, 1 drivers
v0xaaab19ced9f0_0 .net "wen", 0 0, v0xaaab19cf3190_0;  1 drivers
E_0xaaab19cd4180 .event negedge, v0xaaab19ced530_0;
E_0xaaab19cd3810 .event posedge, v0xaaab19ced9f0_0, v0xaaab19ced870_0;
E_0xaaab19cecab0 .event edge, v0xaaab19ced9f0_0, v0xaaab19ced870_0;
L_0xaaab19d0fe70 .array/port v0xaaab19ced5f0, L_0xaaab19d0ffb0;
L_0xaaab19d0ff10 .part v0xaaab19cf2eb0_0, 0, 10;
L_0xaaab19d0ffb0 .concat [ 10 4 0 0], L_0xaaab19d0ff10, L_0xffffa53e6720;
L_0xaaab19d100f0 .functor MUXZ 32, L_0xffffa53e6768, L_0xaaab19d0fe70, L_0xaaab19d0fd60, C4<>;
S_0xaaab19cedbd0 .scope module, "cpu_IMem" "Memory" 3 77, 5 35 0, S_0xaaab19c20060;
 .timescale -9 -12;
    .port_info 0 /INPUT 1 "clock";
    .port_info 1 /INPUT 1 "reset";
    .port_info 2 /INPUT 1 "ren";
    .port_info 3 /INPUT 1 "wen";
    .port_info 4 /INPUT 32 "addr";
    .port_info 5 /INPUT 32 "din";
    .port_info 6 /OUTPUT 32 "dout";
L_0xffffa53e6180 .functor BUFT 1, C4<0>, C4<0>, C4<0>, C4<0>;
L_0xffffa53e6018 .functor BUFT 1, C4<0>, C4<0>, C4<0>, C4<0>;
L_0xaaab19cd4770 .functor XNOR 1, L_0xffffa53e6180, L_0xffffa53e6018, C4<0>, C4<0>;
L_0xffffa53e6138 .functor BUFT 1, C4<1>, C4<0>, C4<0>, C4<0>;
L_0xffffa53e6060 .functor BUFT 1, C4<1>, C4<0>, C4<0>, C4<0>;
L_0xaaab19cafe70 .functor XNOR 1, L_0xffffa53e6138, L_0xffffa53e6060, C4<0>, C4<0>;
L_0xaaab19cb0e40 .functor AND 1, L_0xaaab19cd4770, L_0xaaab19cafe70, C4<1>, C4<1>;
v0xaaab19cedef0_0 .net/2u *"_ivl_0", 0 0, L_0xffffa53e6018;  1 drivers
v0xaaab19cedff0_0 .net *"_ivl_10", 31 0, L_0xaaab19cfa720;  1 drivers
v0xaaab19cee0d0_0 .net *"_ivl_13", 9 0, L_0xaaab19cfa7c0;  1 drivers
v0xaaab19cee190_0 .net *"_ivl_14", 13 0, L_0xaaab19cfa8c0;  1 drivers
L_0xffffa53e60a8 .functor BUFT 1, C4<0000>, C4<0>, C4<0>, C4<0>;
v0xaaab19cee270_0 .net *"_ivl_17", 3 0, L_0xffffa53e60a8;  1 drivers
L_0xffffa53e60f0 .functor BUFT 1, C4<xxxxxxxxxxxxxxxxxxxxxxxxxxxxxxxx>, C4<0>, C4<0>, C4<0>;
v0xaaab19cee3a0_0 .net *"_ivl_18", 31 0, L_0xffffa53e60f0;  1 drivers
v0xaaab19cee480_0 .net *"_ivl_2", 0 0, L_0xaaab19cd4770;  1 drivers
v0xaaab19cee540_0 .net/2u *"_ivl_4", 0 0, L_0xffffa53e6060;  1 drivers
v0xaaab19cee620_0 .net *"_ivl_6", 0 0, L_0xaaab19cafe70;  1 drivers
v0xaaab19cee6e0_0 .net *"_ivl_9", 0 0, L_0xaaab19cb0e40;  1 drivers
v0xaaab19cee7a0_0 .net "addr", 31 0, L_0xaaab19d0ae70;  1 drivers
v0xaaab19cee880_0 .net "clock", 0 0, v0xaaab19cfa1a0_0;  alias, 1 drivers
v0xaaab19cee920 .array "data", 0 4095, 31 0;
L_0xffffa53e6210 .functor BUFT 1, C4<xxxxxxxxxxxxxxxxxxxxxxxxxxxxxxxx>, C4<0>, C4<0>, C4<0>;
v0xaaab19cee9c0_0 .net "din", 31 0, L_0xffffa53e6210;  1 drivers
v0xaaab19ceeaa0_0 .net "dout", 31 0, L_0xaaab19d0aa90;  alias, 1 drivers
v0xaaab19ceeb80_0 .net "ren", 0 0, L_0xffffa53e6138;  1 drivers
v0xaaab19ceec40_0 .net "reset", 0 0, v0xaaab19cfa3e0_0;  alias, 1 drivers
v0xaaab19ceece0_0 .net "wen", 0 0, L_0xffffa53e6180;  1 drivers
E_0xaaab19cede10 .event posedge, v0xaaab19ceece0_0, v0xaaab19ceeb80_0;
E_0xaaab19cede90 .event edge, v0xaaab19ceece0_0, v0xaaab19ceeb80_0;
L_0xaaab19cfa720 .array/port v0xaaab19cee920, L_0xaaab19cfa8c0;
L_0xaaab19cfa7c0 .part L_0xaaab19d0ae70, 0, 10;
L_0xaaab19cfa8c0 .concat [ 10 4 0 0], L_0xaaab19cfa7c0, L_0xffffa53e60a8;
L_0xaaab19d0aa90 .functor MUXZ 32, L_0xffffa53e60f0, L_0xaaab19cfa720, L_0xaaab19cb0e40, C4<>;
S_0xaaab19ceeea0 .scope module, "cpu_alu" "ALU" 3 165, 5 12 0, S_0xaaab19c20060;
 .timescale -9 -12;
    .port_info 0 /OUTPUT 32 "out";
    .port_info 1 /OUTPUT 1 "zero";
    .port_info 2 /INPUT 32 "inA";
    .port_info 3 /INPUT 32 "inB";
    .port_info 4 /INPUT 4 "op";
P_0xaaab19cef030 .param/l "N" 0 5 12, +C4<00000000000000000000000000100000>;
L_0xaaab19c8b430 .functor AND 32, L_0xaaab19d0cd60, L_0xaaab19d0d570, C4<11111111111111111111111111111111>, C4<11111111111111111111111111111111>;
L_0xaaab19d0d890 .functor OR 32, L_0xaaab19d0cd60, L_0xaaab19d0d570, C4<00000000000000000000000000000000>, C4<00000000000000000000000000000000>;
L_0xaaab19d0db60 .functor OR 32, L_0xaaab19d0cd60, L_0xaaab19d0d570, C4<00000000000000000000000000000000>, C4<00000000000000000000000000000000>;
L_0xaaab19d0e660 .functor NOT 32, L_0xaaab19d0db60, C4<00000000000000000000000000000000>, C4<00000000000000000000000000000000>, C4<00000000000000000000000000000000>;
L_0xffffa53e6330 .functor BUFT 1, C4<0000>, C4<0>, C4<0>, C4<0>;
v0xaaab19cef130_0 .net/2u *"_ivl_0", 3 0, L_0xffffa53e6330;  1 drivers
v0xaaab19cef230_0 .net *"_ivl_10", 31 0, L_0xaaab19d0d890;  1 drivers
L_0xffffa53e63c0 .functor BUFT 1, C4<0010>, C4<0>, C4<0>, C4<0>;
v0xaaab19cef310_0 .net/2u *"_ivl_12", 3 0, L_0xffffa53e63c0;  1 drivers
v0xaaab19cef400_0 .net *"_ivl_14", 0 0, L_0xaaab19d0da20;  1 drivers
v0xaaab19cef4c0_0 .net *"_ivl_16", 31 0, L_0xaaab19d0dac0;  1 drivers
L_0xffffa53e6408 .functor BUFT 1, C4<0110>, C4<0>, C4<0>, C4<0>;
v0xaaab19cef5f0_0 .net/2u *"_ivl_18", 3 0, L_0xffffa53e6408;  1 drivers
v0xaaab19cef6d0_0 .net *"_ivl_2", 0 0, L_0xaaab19d0d700;  1 drivers
v0xaaab19cef790_0 .net *"_ivl_20", 0 0, L_0xaaab19d0dc00;  1 drivers
v0xaaab19cef850_0 .net *"_ivl_22", 31 0, L_0xaaab19d0dcd0;  1 drivers
L_0xffffa53e6450 .functor BUFT 1, C4<0111>, C4<0>, C4<0>, C4<0>;
v0xaaab19cef930_0 .net/2u *"_ivl_24", 3 0, L_0xffffa53e6450;  1 drivers
v0xaaab19cefa10_0 .net *"_ivl_26", 0 0, L_0xaaab19d0ddb0;  1 drivers
v0xaaab19cefad0_0 .net *"_ivl_28", 0 0, L_0xaaab19d0ded0;  1 drivers
L_0xffffa53e6498 .functor BUFT 1, C4<00000000000000000000000000000001>, C4<0>, C4<0>, C4<0>;
v0xaaab19cefb90_0 .net/2u *"_ivl_30", 31 0, L_0xffffa53e6498;  1 drivers
L_0xffffa53e64e0 .functor BUFT 1, C4<00000000000000000000000000000000>, C4<0>, C4<0>, C4<0>;
v0xaaab19cefc70_0 .net/2u *"_ivl_32", 31 0, L_0xffffa53e64e0;  1 drivers
v0xaaab19cefd50_0 .net *"_ivl_34", 31 0, L_0xaaab19d0e020;  1 drivers
L_0xffffa53e6528 .functor BUFT 1, C4<1100>, C4<0>, C4<0>, C4<0>;
v0xaaab19cefe30_0 .net/2u *"_ivl_36", 3 0, L_0xffffa53e6528;  1 drivers
v0xaaab19ceff10_0 .net *"_ivl_38", 0 0, L_0xaaab19d0e1e0;  1 drivers
v0xaaab19cf00e0_0 .net *"_ivl_4", 31 0, L_0xaaab19c8b430;  1 drivers
v0xaaab19cf01c0_0 .net *"_ivl_40", 31 0, L_0xaaab19d0db60;  1 drivers
v0xaaab19cf02a0_0 .net *"_ivl_42", 31 0, L_0xaaab19d0e660;  1 drivers
L_0xffffa53e6570 .functor BUFT 1, C4<1101>, C4<0>, C4<0>, C4<0>;
v0xaaab19cf0380_0 .net/2u *"_ivl_44", 3 0, L_0xffffa53e6570;  1 drivers
v0xaaab19cf0460_0 .net *"_ivl_46", 0 0, L_0xaaab19d0e700;  1 drivers
v0xaaab19cf0520_0 .net *"_ivl_48", 31 0, L_0xaaab19d0e820;  1 drivers
L_0xffffa53e65b8 .functor BUFT 1, C4<xxxxxxxxxxxxxxxxxxxxxxxxxxxxxxxx>, C4<0>, C4<0>, C4<0>;
v0xaaab19cf0600_0 .net *"_ivl_50", 31 0, L_0xffffa53e65b8;  1 drivers
v0xaaab19cf06e0_0 .net *"_ivl_52", 31 0, L_0xaaab19d0e960;  1 drivers
v0xaaab19cf07c0_0 .net *"_ivl_54", 31 0, L_0xaaab19d0eb20;  1 drivers
v0xaaab19cf08a0_0 .net *"_ivl_56", 31 0, L_0xaaab19d0ed30;  1 drivers
v0xaaab19cf0980_0 .net *"_ivl_58", 31 0, L_0xaaab19d0eec0;  1 drivers
L_0xffffa53e6378 .functor BUFT 1, C4<0001>, C4<0>, C4<0>, C4<0>;
v0xaaab19cf0a60_0 .net/2u *"_ivl_6", 3 0, L_0xffffa53e6378;  1 drivers
v0xaaab19cf0b40_0 .net *"_ivl_60", 31 0, L_0xaaab19d0f0e0;  1 drivers
v0xaaab19cf0c20_0 .net *"_ivl_62", 31 0, L_0xaaab19d0f270;  1 drivers
L_0xffffa53e6600 .functor BUFT 1, C4<00000000000000000000000000000000>, C4<0>, C4<0>, C4<0>;
v0xaaab19cf0d00_0 .net/2u *"_ivl_66", 31 0, L_0xffffa53e6600;  1 drivers
v0xaaab19cf0de0_0 .net *"_ivl_8", 0 0, L_0xaaab19d0d7f0;  1 drivers
v0xaaab19cf10b0_0 .net "inA", 31 0, L_0xaaab19d0cd60;  alias, 1 drivers
v0xaaab19cf1190_0 .net "inB", 31 0, L_0xaaab19d0d570;  alias, 1 drivers
v0xaaab19cf1270_0 .net "op", 3 0, v0xaaab19ceb790_0;  alias, 1 drivers
v0xaaab19cf1330_0 .net "out", 31 0, L_0xaaab19d0f4a0;  alias, 1 drivers
v0xaaab19cf13f0_0 .net "zero", 0 0, L_0xaaab19d0f680;  alias, 1 drivers
L_0xaaab19d0d700 .cmp/eq 4, v0xaaab19ceb790_0, L_0xffffa53e6330;
L_0xaaab19d0d7f0 .cmp/eq 4, v0xaaab19ceb790_0, L_0xffffa53e6378;
L_0xaaab19d0da20 .cmp/eq 4, v0xaaab19ceb790_0, L_0xffffa53e63c0;
L_0xaaab19d0dac0 .arith/sum 32, L_0xaaab19d0cd60, L_0xaaab19d0d570;
L_0xaaab19d0dc00 .cmp/eq 4, v0xaaab19ceb790_0, L_0xffffa53e6408;
L_0xaaab19d0dcd0 .arith/sub 32, L_0xaaab19d0cd60, L_0xaaab19d0d570;
L_0xaaab19d0ddb0 .cmp/eq 4, v0xaaab19ceb790_0, L_0xffffa53e6450;
L_0xaaab19d0ded0 .cmp/gt 32, L_0xaaab19d0d570, L_0xaaab19d0cd60;
L_0xaaab19d0e020 .functor MUXZ 32, L_0xffffa53e64e0, L_0xffffa53e6498, L_0xaaab19d0ded0, C4<>;
L_0xaaab19d0e1e0 .cmp/eq 4, v0xaaab19ceb790_0, L_0xffffa53e6528;
L_0xaaab19d0e700 .cmp/eq 4, v0xaaab19ceb790_0, L_0xffffa53e6570;
L_0xaaab19d0e820 .shift/l 32, L_0xaaab19d0d570, L_0xaaab19d0cd60;
L_0xaaab19d0e960 .functor MUXZ 32, L_0xffffa53e65b8, L_0xaaab19d0e820, L_0xaaab19d0e700, C4<>;
L_0xaaab19d0eb20 .functor MUXZ 32, L_0xaaab19d0e960, L_0xaaab19d0e660, L_0xaaab19d0e1e0, C4<>;
L_0xaaab19d0ed30 .functor MUXZ 32, L_0xaaab19d0eb20, L_0xaaab19d0e020, L_0xaaab19d0ddb0, C4<>;
L_0xaaab19d0eec0 .functor MUXZ 32, L_0xaaab19d0ed30, L_0xaaab19d0dcd0, L_0xaaab19d0dc00, C4<>;
L_0xaaab19d0f0e0 .functor MUXZ 32, L_0xaaab19d0eec0, L_0xaaab19d0dac0, L_0xaaab19d0da20, C4<>;
L_0xaaab19d0f270 .functor MUXZ 32, L_0xaaab19d0f0e0, L_0xaaab19d0d890, L_0xaaab19d0d7f0, C4<>;
L_0xaaab19d0f4a0 .functor MUXZ 32, L_0xaaab19d0f270, L_0xaaab19c8b430, L_0xaaab19d0d700, C4<>;
L_0xaaab19d0f680 .cmp/eq 32, L_0xaaab19d0f4a0, L_0xffffa53e6600;
S_0xaaab19cf1580 .scope module, "cpu_regs" "RegFile" 3 93, 5 68 0, S_0xaaab19c20060;
 .timescale -9 -12;
    .port_info 0 /INPUT 1 "clock";
    .port_info 1 /INPUT 1 "reset";
    .port_info 2 /INPUT 5 "raA";
    .port_info 3 /INPUT 5 "raB";
    .port_info 4 /INPUT 5 "wa";
    .port_info 5 /INPUT 1 "wen";
    .port_info 6 /INPUT 32 "wd";
    .port_info 7 /OUTPUT 32 "rdA";
    .port_info 8 /OUTPUT 32 "rdB";
L_0xaaab19d0bb60 .functor BUFZ 32, L_0xaaab19d0c1d0, C4<00000000000000000000000000000000>, C4<00000000000000000000000000000000>, C4<00000000000000000000000000000000>;
L_0xaaab19cb3a70 .functor BUFZ 32, L_0xaaab19d0c400, C4<00000000000000000000000000000000>, C4<00000000000000000000000000000000>, C4<00000000000000000000000000000000>;
v0xaaab19cf1880_0 .net *"_ivl_0", 31 0, L_0xaaab19d0c1d0;  1 drivers
v0xaaab19cf1980_0 .net *"_ivl_10", 6 0, L_0xaaab19d0c4a0;  1 drivers
L_0xffffa53e62a0 .functor BUFT 1, C4<00>, C4<0>, C4<0>, C4<0>;
v0xaaab19cf1a60_0 .net *"_ivl_13", 1 0, L_0xffffa53e62a0;  1 drivers
v0xaaab19cf1b20_0 .net *"_ivl_2", 6 0, L_0xaaab19d0c270;  1 drivers
L_0xffffa53e6258 .functor BUFT 1, C4<00>, C4<0>, C4<0>, C4<0>;
v0xaaab19cf1c00_0 .net *"_ivl_5", 1 0, L_0xffffa53e6258;  1 drivers
v0xaaab19cf1d30_0 .net *"_ivl_8", 31 0, L_0xaaab19d0c400;  1 drivers
v0xaaab19cf1e10_0 .net "clock", 0 0, v0xaaab19cfa1a0_0;  alias, 1 drivers
v0xaaab19cf1f00 .array "data", 0 31, 31 0;
v0xaaab19cf1fc0_0 .var/i "i", 31 0;
v0xaaab19cf20a0_0 .net "raA", 4 0, L_0xaaab19d0b2c0;  alias, 1 drivers
v0xaaab19cf2180_0 .net "raB", 4 0, L_0xaaab19d0b3a0;  alias, 1 drivers
v0xaaab19cf2260_0 .net "rdA", 31 0, L_0xaaab19d0bb60;  alias, 1 drivers
v0xaaab19cf2340_0 .net "rdB", 31 0, L_0xaaab19cb3a70;  alias, 1 drivers
v0xaaab19cf2420_0 .net "reset", 0 0, v0xaaab19cfa3e0_0;  alias, 1 drivers
v0xaaab19cf24c0_0 .net "wa", 4 0, v0xaaab19cf4b60_0;  alias, 1 drivers
v0xaaab19cf2580_0 .net "wd", 31 0, L_0xaaab19d102d0;  alias, 1 drivers
v0xaaab19cf2640_0 .net "wen", 0 0, v0xaaab19cf4a70_0;  alias, 1 drivers
E_0xaaab19cd4140 .event negedge, v0xaaab19ced930_0, v0xaaab19ced530_0;
L_0xaaab19d0c1d0 .array/port v0xaaab19cf1f00, L_0xaaab19d0c270;
L_0xaaab19d0c270 .concat [ 5 2 0 0], L_0xaaab19d0b2c0, L_0xffffa53e6258;
L_0xaaab19d0c400 .array/port v0xaaab19cf1f00, L_0xaaab19d0c4a0;
L_0xaaab19d0c4a0 .concat [ 5 2 0 0], L_0xaaab19d0b3a0, L_0xffffa53e62a0;
S_0xaaab19cf7420 .scope module, "pipe0" "string_manipulation" 2 20, 2 120 0, S_0xaaab19cc8850;
 .timescale -9 -12;
    .port_info 0 /INPUT 1 "clock";
    .port_info 1 /INPUT 32 "PC";
    .port_info 2 /INPUT 32 "instr0";
    .port_info 3 /INPUT 32 "instr1";
    .port_info 4 /OUTPUT 208 "stringvar";
v0xaaab19cf9000_0 .net "PC", 31 0, v0xaaab19cf4f50_0;  1 drivers
v0xaaab19cf90c0_0 .var "PC_prv", 31 0;
v0xaaab19cf9180_0 .net *"_ivl_0", 0 0, L_0xaaab19d10470;  1 drivers
L_0xffffa53e67f8 .functor BUFT 1, C4<00000000>, C4<0>, C4<0>, C4<0>;
v0xaaab19cf9250_0 .net *"_ivl_11", 7 0, L_0xffffa53e67f8;  1 drivers
L_0xffffa53e67b0 .functor BUFT 1, C4<0000000000101101001011010010110100101101>, C4<0>, C4<0>, C4<0>;
v0xaaab19cf9330_0 .net/2u *"_ivl_2", 39 0, L_0xffffa53e67b0;  1 drivers
v0xaaab19cf9460_0 .net *"_ivl_4", 39 0, L_0xaaab19d10550;  1 drivers
v0xaaab19cf9540_0 .net *"_ivl_6", 199 0, L_0xaaab19d10690;  1 drivers
v0xaaab19cf9620_0 .net "clock", 0 0, v0xaaab19cfa1a0_0;  alias, 1 drivers
v0xaaab19cf96c0_0 .net "instr0", 31 0, L_0xaaab19d0aa90;  alias, 1 drivers
v0xaaab19cf9810_0 .net "instr1", 31 0, v0xaaab19cf4730_0;  1 drivers
v0xaaab19cf98d0_0 .var "instr2", 31 0;
v0xaaab19cf9990_0 .var "instr3", 31 0;
v0xaaab19cf9a30_0 .var "instr4", 31 0;
v0xaaab19cf9b00_0 .net "stringvar", 208 1, L_0xaaab19d108c0;  alias, 1 drivers
v0xaaab19cf9bc0_0 .net "stringvar0", 39 0, v0xaaab19cf7b20_0;  1 drivers
v0xaaab19cf9cb0_0 .net "stringvar1", 39 0, v0xaaab19cf7fe0_0;  1 drivers
v0xaaab19cf9d80_0 .net "stringvar2", 39 0, v0xaaab19cf84b0_0;  1 drivers
v0xaaab19cf9e50_0 .net "stringvar3", 39 0, v0xaaab19cf8990_0;  1 drivers
v0xaaab19cf9f20_0 .net "stringvar4", 39 0, v0xaaab19cf8ec0_0;  1 drivers
E_0xaaab19cf76b0 .event posedge, v0xaaab19ced530_0;
L_0xaaab19d10470 .cmp/eq 32, v0xaaab19cf90c0_0, v0xaaab19cf4f50_0;
L_0xaaab19d10550 .functor MUXZ 40, v0xaaab19cf84b0_0, L_0xffffa53e67b0, L_0xaaab19d10470, C4<>;
LS_0xaaab19d10690_0_0 .concat [ 40 40 40 40], v0xaaab19cf8ec0_0, v0xaaab19cf8990_0, L_0xaaab19d10550, v0xaaab19cf7fe0_0;
LS_0xaaab19d10690_0_4 .concat [ 40 0 0 0], v0xaaab19cf7b20_0;
L_0xaaab19d10690 .concat [ 160 40 0 0], LS_0xaaab19d10690_0_0, LS_0xaaab19d10690_0_4;
L_0xaaab19d108c0 .concat [ 200 8 0 0], L_0xaaab19d10690, L_0xffffa53e67f8;
S_0xaaab19cf7710 .scope module, "instr2str_0" "instr2str" 2 129, 2 137 0, S_0xaaab19cf7420;
 .timescale -9 -12;
    .port_info 0 /INPUT 32 "instr";
    .port_info 1 /OUTPUT 40 "stringvar";
v0xaaab19cf79f0_0 .net "instr", 31 0, L_0xaaab19d0aa90;  alias, 1 drivers
v0xaaab19cf7b20_0 .var "stringvar", 39 0;
E_0xaaab19cf7970 .event edge, v0xaaab19ceeaa0_0;
S_0xaaab19cf7c60 .scope module, "instr2str_1" "instr2str" 2 130, 2 137 0, S_0xaaab19cf7420;
 .timescale -9 -12;
    .port_info 0 /INPUT 32 "instr";
    .port_info 1 /OUTPUT 40 "stringvar";
v0xaaab19cf7f00_0 .net "instr", 31 0, v0xaaab19cf4730_0;  alias, 1 drivers
v0xaaab19cf7fe0_0 .var "stringvar", 39 0;
E_0xaaab19cf7e80 .event edge, v0xaaab19cf4730_0;
S_0xaaab19cf8100 .scope module, "instr2str_2" "instr2str" 2 131, 2 137 0, S_0xaaab19cf7420;
 .timescale -9 -12;
    .port_info 0 /INPUT 32 "instr";
    .port_info 1 /OUTPUT 40 "stringvar";
v0xaaab19cf83b0_0 .net "instr", 31 0, v0xaaab19cf98d0_0;  1 drivers
v0xaaab19cf84b0_0 .var "stringvar", 39 0;
E_0xaaab19cf8350 .event edge, v0xaaab19cf83b0_0;
S_0xaaab19cf85f0 .scope module, "instr2str_3" "instr2str" 2 132, 2 137 0, S_0xaaab19cf7420;
 .timescale -9 -12;
    .port_info 0 /INPUT 32 "instr";
    .port_info 1 /OUTPUT 40 "stringvar";
v0xaaab19cf8890_0 .net "instr", 31 0, v0xaaab19cf9990_0;  1 drivers
v0xaaab19cf8990_0 .var "stringvar", 39 0;
E_0xaaab19cf8810 .event edge, v0xaaab19cf8890_0;
S_0xaaab19cf8ad0 .scope module, "instr2str_4" "instr2str" 2 133, 2 137 0, S_0xaaab19cf7420;
 .timescale -9 -12;
    .port_info 0 /INPUT 32 "instr";
    .port_info 1 /OUTPUT 40 "stringvar";
v0xaaab19cf8dc0_0 .net "instr", 31 0, v0xaaab19cf9a30_0;  1 drivers
v0xaaab19cf8ec0_0 .var "stringvar", 39 0;
E_0xaaab19cf8d40 .event edge, v0xaaab19cf8dc0_0;
    .scope S_0xaaab19cedbd0;
T_0 ;
    %wait E_0xaaab19cede90;
    %load/vec4 v0xaaab19ceeb80_0;
    %load/vec4 v0xaaab19ceece0_0;
    %and;
    %flag_set/vec4 8;
    %jmp/0xz  T_0.0, 8;
    %vpi_call 5 46 "$display", "\012Memory ERROR (time %0d): ren and wen both active!\012", $time {0 0 0};
T_0.0 ;
    %jmp T_0;
    .thread T_0, $push;
    .scope S_0xaaab19cedbd0;
T_1 ;
    %wait E_0xaaab19cede10;
    %load/vec4 v0xaaab19cee7a0_0;
    %parti/s 22, 10, 5;
    %pad/u 32;
    %cmpi/ne 0, 0, 32;
    %jmp/0xz  T_1.0, 4;
    %vpi_call 5 50 "$display", "Memory WARNING (time %0d): address msbs are not zero\012", $time {0 0 0};
T_1.0 ;
    %jmp T_1;
    .thread T_1;
    .scope S_0xaaab19cedbd0;
T_2 ;
    %wait E_0xaaab19cd4180;
    %load/vec4 v0xaaab19ceec40_0;
    %pushi/vec4 1, 0, 1;
    %cmp/e;
    %flag_get/vec4 4;
    %load/vec4 v0xaaab19ceece0_0;
    %pushi/vec4 1, 0, 1;
    %cmp/e;
    %flag_get/vec4 4;
    %and;
    %load/vec4 v0xaaab19ceeb80_0;
    %pushi/vec4 0, 0, 1;
    %cmp/e;
    %flag_get/vec4 4;
    %and;
    %flag_set/vec4 8;
    %jmp/0xz  T_2.0, 8;
    %load/vec4 v0xaaab19cee9c0_0;
    %load/vec4 v0xaaab19cee7a0_0;
    %parti/s 10, 0, 2;
    %pad/u 14;
    %ix/vec4 4;
    %store/vec4a v0xaaab19cee920, 4, 0;
T_2.0 ;
    %jmp T_2;
    .thread T_2;
    .scope S_0xaaab19cf1580;
T_3 ;
    %wait E_0xaaab19cd4140;
    %load/vec4 v0xaaab19cf2420_0;
    %cmpi/e 0, 0, 1;
    %jmp/0xz  T_3.0, 4;
    %pushi/vec4 0, 0, 32;
    %store/vec4 v0xaaab19cf1fc0_0, 0, 32;
T_3.2 ;
    %load/vec4 v0xaaab19cf1fc0_0;
    %cmpi/s 32, 0, 32;
    %jmp/0xz T_3.3, 5;
    %load/vec4 v0xaaab19cf1fc0_0;
    %ix/getv/s 4, v0xaaab19cf1fc0_0;
    %store/vec4a v0xaaab19cf1f00, 4, 0;
    %load/vec4 v0xaaab19cf1fc0_0;
    %addi 1, 0, 32;
    %store/vec4 v0xaaab19cf1fc0_0, 0, 32;
    %jmp T_3.2;
T_3.3 ;
    %jmp T_3.1;
T_3.0 ;
    %load/vec4 v0xaaab19cf2640_0;
    %pushi/vec4 1, 0, 1;
    %cmp/e;
    %flag_get/vec4 4;
    %load/vec4 v0xaaab19cf24c0_0;
    %pushi/vec4 0, 0, 5;
    %cmp/ne;
    %flag_get/vec4 4;
    %and;
    %flag_set/vec4 8;
    %jmp/0xz  T_3.4, 8;
    %load/vec4 v0xaaab19cf2580_0;
    %load/vec4 v0xaaab19cf24c0_0;
    %pad/u 7;
    %ix/vec4 3;
    %ix/load 4, 0, 0; Constant delay
    %assign/vec4/a/d v0xaaab19cf1f00, 0, 4;
T_3.4 ;
T_3.1 ;
    %jmp T_3;
    .thread T_3;
    .scope S_0xaaab19cebb70;
T_4 ;
    %wait E_0xaaab19c1c7a0;
    %load/vec4 v0xaaab19cec530_0;
    %dup/vec4;
    %pushi/vec4 0, 0, 6;
    %cmp/u;
    %jmp/1 T_4.0, 6;
    %dup/vec4;
    %pushi/vec4 8, 0, 6;
    %cmp/u;
    %jmp/1 T_4.1, 6;
    %dup/vec4;
    %pushi/vec4 35, 0, 6;
    %cmp/u;
    %jmp/1 T_4.2, 6;
    %dup/vec4;
    %pushi/vec4 43, 0, 6;
    %cmp/u;
    %jmp/1 T_4.3, 6;
    %pushi/vec4 1, 1, 1;
    %store/vec4 v0xaaab19cec3b0_0, 0, 1;
    %pushi/vec4 0, 0, 1;
    %store/vec4 v0xaaab19cec080_0, 0, 1;
    %pushi/vec4 0, 0, 1;
    %store/vec4 v0xaaab19cec120_0, 0, 1;
    %pushi/vec4 0, 0, 1;
    %store/vec4 v0xaaab19cec1e0_0, 0, 1;
    %pushi/vec4 3, 0, 2;
    %store/vec4 v0xaaab19cebfa0_0, 0, 2;
    %pushi/vec4 0, 0, 1;
    %store/vec4 v0xaaab19cec2f0_0, 0, 1;
    %pushi/vec4 1, 1, 1;
    %store/vec4 v0xaaab19cebec0_0, 0, 1;
    %pushi/vec4 0, 0, 1;
    %store/vec4 v0xaaab19cec470_0, 0, 1;
    %jmp T_4.5;
T_4.0 ;
    %pushi/vec4 1, 0, 1;
    %store/vec4 v0xaaab19cec3b0_0, 0, 1;
    %pushi/vec4 0, 0, 1;
    %store/vec4 v0xaaab19cec080_0, 0, 1;
    %pushi/vec4 0, 0, 1;
    %store/vec4 v0xaaab19cec120_0, 0, 1;
    %pushi/vec4 0, 0, 1;
    %store/vec4 v0xaaab19cec1e0_0, 0, 1;
    %pushi/vec4 2, 0, 2;
    %store/vec4 v0xaaab19cebfa0_0, 0, 2;
    %pushi/vec4 0, 0, 1;
    %store/vec4 v0xaaab19cec2f0_0, 0, 1;
    %pushi/vec4 0, 0, 1;
    %store/vec4 v0xaaab19cebec0_0, 0, 1;
    %pushi/vec4 1, 0, 1;
    %store/vec4 v0xaaab19cec470_0, 0, 1;
    %jmp T_4.5;
T_4.1 ;
    %pushi/vec4 0, 0, 1;
    %store/vec4 v0xaaab19cec3b0_0, 0, 1;
    %pushi/vec4 0, 0, 1;
    %store/vec4 v0xaaab19cec080_0, 0, 1;
    %pushi/vec4 0, 0, 1;
    %store/vec4 v0xaaab19cec120_0, 0, 1;
    %pushi/vec4 0, 0, 1;
    %store/vec4 v0xaaab19cec1e0_0, 0, 1;
    %pushi/vec4 0, 0, 2;
    %store/vec4 v0xaaab19cebfa0_0, 0, 2;
    %pushi/vec4 0, 0, 1;
    %store/vec4 v0xaaab19cec2f0_0, 0, 1;
    %pushi/vec4 1, 0, 1;
    %store/vec4 v0xaaab19cebec0_0, 0, 1;
    %pushi/vec4 1, 0, 1;
    %store/vec4 v0xaaab19cec470_0, 0, 1;
    %jmp T_4.5;
T_4.2 ;
    %pushi/vec4 0, 0, 1;
    %store/vec4 v0xaaab19cec3b0_0, 0, 1;
    %pushi/vec4 0, 0, 1;
    %store/vec4 v0xaaab19cec080_0, 0, 1;
    %pushi/vec4 1, 0, 1;
    %store/vec4 v0xaaab19cec120_0, 0, 1;
    %pushi/vec4 1, 0, 1;
    %store/vec4 v0xaaab19cec1e0_0, 0, 1;
    %pushi/vec4 0, 0, 2;
    %store/vec4 v0xaaab19cebfa0_0, 0, 2;
    %pushi/vec4 0, 0, 1;
    %store/vec4 v0xaaab19cec2f0_0, 0, 1;
    %pushi/vec4 1, 0, 1;
    %store/vec4 v0xaaab19cebec0_0, 0, 1;
    %pushi/vec4 1, 0, 1;
    %store/vec4 v0xaaab19cec470_0, 0, 1;
    %jmp T_4.5;
T_4.3 ;
    %pushi/vec4 1, 1, 1;
    %store/vec4 v0xaaab19cec3b0_0, 0, 1;
    %pushi/vec4 0, 0, 1;
    %store/vec4 v0xaaab19cec080_0, 0, 1;
    %pushi/vec4 0, 0, 1;
    %store/vec4 v0xaaab19cec120_0, 0, 1;
    %pushi/vec4 1, 1, 1;
    %store/vec4 v0xaaab19cec1e0_0, 0, 1;
    %pushi/vec4 0, 0, 2;
    %store/vec4 v0xaaab19cebfa0_0, 0, 2;
    %pushi/vec4 1, 0, 1;
    %store/vec4 v0xaaab19cec2f0_0, 0, 1;
    %pushi/vec4 1, 0, 1;
    %store/vec4 v0xaaab19cebec0_0, 0, 1;
    %pushi/vec4 0, 0, 1;
    %store/vec4 v0xaaab19cec470_0, 0, 1;
    %jmp T_4.5;
T_4.5 ;
    %pop/vec4 1;
    %jmp T_4;
    .thread T_4, $push;
    .scope S_0xaaab19ceac70;
T_5 ;
    %wait E_0xaaab19cc5870;
    %pushi/vec4 7, 0, 3;
    %split/vec4 1;
    %assign/vec4 v0xaaab19ceb330_0, 0;
    %split/vec4 1;
    %assign/vec4 v0xaaab19ceb0a0_0, 0;
    %assign/vec4 v0xaaab19ceb3f0_0, 0;
    %load/vec4 v0xaaab19ceaf00_0;
    %pad/u 32;
    %pushi/vec4 1, 0, 32;
    %cmp/e;
    %flag_get/vec4 4;
    %load/vec4 v0xaaab19ceafe0_0;
    %load/vec4 v0xaaab19ceb200_0;
    %cmp/e;
    %flag_get/vec4 4;
    %load/vec4 v0xaaab19ceafe0_0;
    %load/vec4 v0xaaab19ceb140_0;
    %cmp/e;
    %flag_get/vec4 4;
    %or;
    %and;
    %flag_set/vec4 8;
    %jmp/0xz  T_5.0, 8;
    %pushi/vec4 0, 0, 1;
    %assign/vec4 v0xaaab19ceb3f0_0, 0;
    %pushi/vec4 0, 0, 1;
    %assign/vec4 v0xaaab19ceb0a0_0, 0;
    %pushi/vec4 0, 0, 1;
    %assign/vec4 v0xaaab19ceb330_0, 0;
T_5.0 ;
    %jmp T_5;
    .thread T_5, $push;
    .scope S_0xaaab19ceb590;
T_6 ;
    %wait E_0xaaab19ca9640;
    %load/vec4 v0xaaab19ceb890_0;
    %dup/vec4;
    %pushi/vec4 2, 0, 2;
    %cmp/u;
    %jmp/1 T_6.0, 6;
    %dup/vec4;
    %pushi/vec4 0, 0, 2;
    %cmp/u;
    %jmp/1 T_6.1, 6;
    %dup/vec4;
    %pushi/vec4 1, 0, 2;
    %cmp/u;
    %jmp/1 T_6.2, 6;
    %pushi/vec4 15, 15, 4;
    %store/vec4 v0xaaab19ceb790_0, 0, 4;
    %pushi/vec4 0, 0, 1;
    %store/vec4 v0xaaab19ceba30_0, 0, 1;
    %jmp T_6.4;
T_6.0 ;
    %load/vec4 v0xaaab19ceb970_0;
    %dup/vec4;
    %pushi/vec4 0, 0, 6;
    %cmp/u;
    %jmp/1 T_6.5, 6;
    %dup/vec4;
    %pushi/vec4 4, 0, 6;
    %cmp/u;
    %jmp/1 T_6.6, 6;
    %dup/vec4;
    %pushi/vec4 32, 0, 6;
    %cmp/u;
    %jmp/1 T_6.7, 6;
    %dup/vec4;
    %pushi/vec4 34, 0, 6;
    %cmp/u;
    %jmp/1 T_6.8, 6;
    %dup/vec4;
    %pushi/vec4 36, 0, 6;
    %cmp/u;
    %jmp/1 T_6.9, 6;
    %dup/vec4;
    %pushi/vec4 37, 0, 6;
    %cmp/u;
    %jmp/1 T_6.10, 6;
    %dup/vec4;
    %pushi/vec4 39, 0, 6;
    %cmp/u;
    %jmp/1 T_6.11, 6;
    %dup/vec4;
    %pushi/vec4 42, 0, 6;
    %cmp/u;
    %jmp/1 T_6.12, 6;
    %pushi/vec4 15, 15, 4;
    %store/vec4 v0xaaab19ceb790_0, 0, 4;
    %pushi/vec4 0, 0, 1;
    %store/vec4 v0xaaab19ceba30_0, 0, 1;
    %jmp T_6.14;
T_6.5 ;
    %pushi/vec4 13, 0, 4;
    %store/vec4 v0xaaab19ceb790_0, 0, 4;
    %pushi/vec4 1, 0, 1;
    %store/vec4 v0xaaab19ceba30_0, 0, 1;
    %jmp T_6.14;
T_6.6 ;
    %pushi/vec4 13, 0, 4;
    %store/vec4 v0xaaab19ceb790_0, 0, 4;
    %pushi/vec4 0, 0, 1;
    %store/vec4 v0xaaab19ceba30_0, 0, 1;
    %jmp T_6.14;
T_6.7 ;
    %pushi/vec4 2, 0, 4;
    %store/vec4 v0xaaab19ceb790_0, 0, 4;
    %pushi/vec4 0, 0, 1;
    %store/vec4 v0xaaab19ceba30_0, 0, 1;
    %jmp T_6.14;
T_6.8 ;
    %pushi/vec4 6, 0, 4;
    %store/vec4 v0xaaab19ceb790_0, 0, 4;
    %pushi/vec4 0, 0, 1;
    %store/vec4 v0xaaab19ceba30_0, 0, 1;
    %jmp T_6.14;
T_6.9 ;
    %pushi/vec4 0, 0, 4;
    %store/vec4 v0xaaab19ceb790_0, 0, 4;
    %pushi/vec4 0, 0, 1;
    %store/vec4 v0xaaab19ceba30_0, 0, 1;
    %jmp T_6.14;
T_6.10 ;
    %pushi/vec4 1, 0, 4;
    %store/vec4 v0xaaab19ceb790_0, 0, 4;
    %pushi/vec4 0, 0, 1;
    %store/vec4 v0xaaab19ceba30_0, 0, 1;
    %jmp T_6.14;
T_6.11 ;
    %pushi/vec4 12, 0, 4;
    %store/vec4 v0xaaab19ceb790_0, 0, 4;
    %pushi/vec4 0, 0, 1;
    %store/vec4 v0xaaab19ceba30_0, 0, 1;
    %jmp T_6.14;
T_6.12 ;
    %pushi/vec4 7, 0, 4;
    %store/vec4 v0xaaab19ceb790_0, 0, 4;
    %pushi/vec4 0, 0, 1;
    %store/vec4 v0xaaab19ceba30_0, 0, 1;
    %jmp T_6.14;
T_6.14 ;
    %pop/vec4 1;
    %jmp T_6.4;
T_6.1 ;
    %pushi/vec4 2, 0, 4;
    %store/vec4 v0xaaab19ceb790_0, 0, 4;
    %pushi/vec4 0, 0, 1;
    %store/vec4 v0xaaab19ceba30_0, 0, 1;
    %jmp T_6.4;
T_6.2 ;
    %pushi/vec4 6, 0, 4;
    %store/vec4 v0xaaab19ceb790_0, 0, 4;
    %pushi/vec4 0, 0, 1;
    %store/vec4 v0xaaab19ceba30_0, 0, 1;
    %jmp T_6.4;
T_6.4 ;
    %pop/vec4 1;
    %jmp T_6;
    .thread T_6, $push;
    .scope S_0xaaab19c9b220;
T_7 ;
    %wait E_0xaaab19cc9af0;
    %pushi/vec4 0, 0, 4;
    %split/vec4 2;
    %assign/vec4 v0xaaab19cb3ca0_0, 0;
    %assign/vec4 v0xaaab19cb3bd0_0, 0;
    %load/vec4 v0xaaab19cb0f60_0;
    %pad/u 32;
    %pushi/vec4 1, 0, 32;
    %cmp/e;
    %flag_get/vec4 4;
    %load/vec4 v0xaaab19cb1030_0;
    %pad/u 32;
    %pushi/vec4 0, 0, 32;
    %cmp/ne;
    %flag_get/vec4 4;
    %and;
    %load/vec4 v0xaaab19cb5ac0_0;
    %load/vec4 v0xaaab19cb1030_0;
    %cmp/e;
    %flag_get/vec4 4;
    %and;
    %flag_set/vec4 8;
    %jmp/0xz  T_7.0, 8;
    %pushi/vec4 2, 0, 2;
    %assign/vec4 v0xaaab19cb3bd0_0, 0;
    %jmp T_7.1;
T_7.0 ;
    %load/vec4 v0xaaab19cb0f60_0;
    %pad/u 32;
    %pushi/vec4 1, 0, 32;
    %cmp/e;
    %flag_get/vec4 4;
    %load/vec4 v0xaaab19cb1030_0;
    %pad/u 32;
    %pushi/vec4 0, 0, 32;
    %cmp/ne;
    %flag_get/vec4 4;
    %and;
    %load/vec4 v0xaaab19c8b550_0;
    %load/vec4 v0xaaab19cb1030_0;
    %cmp/e;
    %flag_get/vec4 4;
    %and;
    %flag_set/vec4 8;
    %jmp/0xz  T_7.2, 8;
    %pushi/vec4 2, 0, 2;
    %assign/vec4 v0xaaab19cb3ca0_0, 0;
    %jmp T_7.3;
T_7.2 ;
    %load/vec4 v0xaaab19cea9b0_0;
    %pad/u 32;
    %pushi/vec4 1, 0, 32;
    %cmp/e;
    %flag_get/vec4 4;
    %load/vec4 v0xaaab19ceaa70_0;
    %pad/u 32;
    %pushi/vec4 0, 0, 32;
    %cmp/ne;
    %flag_get/vec4 4;
    %and;
    %load/vec4 v0xaaab19cb5ac0_0;
    %load/vec4 v0xaaab19ceaa70_0;
    %cmp/e;
    %flag_get/vec4 4;
    %and;
    %flag_set/vec4 8;
    %jmp/0xz  T_7.4, 8;
    %pushi/vec4 1, 0, 2;
    %assign/vec4 v0xaaab19cb3bd0_0, 0;
    %jmp T_7.5;
T_7.4 ;
    %load/vec4 v0xaaab19cea9b0_0;
    %pad/u 32;
    %pushi/vec4 1, 0, 32;
    %cmp/e;
    %flag_get/vec4 4;
    %load/vec4 v0xaaab19ceaa70_0;
    %pad/u 32;
    %pushi/vec4 0, 0, 32;
    %cmp/ne;
    %flag_get/vec4 4;
    %and;
    %load/vec4 v0xaaab19c8b550_0;
    %load/vec4 v0xaaab19ceaa70_0;
    %cmp/e;
    %flag_get/vec4 4;
    %and;
    %flag_set/vec4 8;
    %jmp/0xz  T_7.6, 8;
    %pushi/vec4 1, 0, 2;
    %assign/vec4 v0xaaab19cb3ca0_0, 0;
T_7.6 ;
T_7.5 ;
T_7.3 ;
T_7.1 ;
    %jmp T_7;
    .thread T_7, $push;
    .scope S_0xaaab19cec7c0;
T_8 ;
    %wait E_0xaaab19cecab0;
    %load/vec4 v0xaaab19ced870_0;
    %load/vec4 v0xaaab19ced9f0_0;
    %and;
    %flag_set/vec4 8;
    %jmp/0xz  T_8.0, 8;
    %vpi_call 5 46 "$display", "\012Memory ERROR (time %0d): ren and wen both active!\012", $time {0 0 0};
T_8.0 ;
    %jmp T_8;
    .thread T_8, $push;
    .scope S_0xaaab19cec7c0;
T_9 ;
    %wait E_0xaaab19cd3810;
    %load/vec4 v0xaaab19ced450_0;
    %parti/s 22, 10, 5;
    %pad/u 32;
    %cmpi/ne 0, 0, 32;
    %jmp/0xz  T_9.0, 4;
    %vpi_call 5 50 "$display", "Memory WARNING (time %0d): address msbs are not zero\012", $time {0 0 0};
T_9.0 ;
    %jmp T_9;
    .thread T_9;
    .scope S_0xaaab19cec7c0;
T_10 ;
    %wait E_0xaaab19cd4180;
    %load/vec4 v0xaaab19ced930_0;
    %pushi/vec4 1, 0, 1;
    %cmp/e;
    %flag_get/vec4 4;
    %load/vec4 v0xaaab19ced9f0_0;
    %pushi/vec4 1, 0, 1;
    %cmp/e;
    %flag_get/vec4 4;
    %and;
    %load/vec4 v0xaaab19ced870_0;
    %pushi/vec4 0, 0, 1;
    %cmp/e;
    %flag_get/vec4 4;
    %and;
    %flag_set/vec4 8;
    %jmp/0xz  T_10.0, 8;
    %load/vec4 v0xaaab19ced6b0_0;
    %load/vec4 v0xaaab19ced450_0;
    %parti/s 10, 0, 2;
    %pad/u 14;
    %ix/vec4 4;
    %store/vec4a v0xaaab19ced5f0, 4, 0;
T_10.0 ;
    %jmp T_10;
    .thread T_10;
    .scope S_0xaaab19c20060;
T_11 ;
    %wait E_0xaaab19c15bb0;
    %load/vec4 v0xaaab19cf4ff0_0;
    %pad/u 32;
    %cmpi/e 0, 0, 32;
    %jmp/0xz  T_11.0, 4;
    %load/vec4 v0xaaab19cf4f50_0;
    %subi 4, 0, 32;
    %assign/vec4 v0xaaab19cf4f50_0, 0;
    %jmp T_11.1;
T_11.0 ;
    %load/vec4 v0xaaab19cf6f20_0;
    %cmpi/e 0, 0, 1;
    %jmp/0xz  T_11.2, 4;
    %pushi/vec4 4294967295, 0, 32;
    %assign/vec4 v0xaaab19cf4f50_0, 0;
    %jmp T_11.3;
T_11.2 ;
    %load/vec4 v0xaaab19cf4f50_0;
    %cmpi/e 4294967295, 0, 32;
    %jmp/0xz  T_11.4, 4;
    %pushi/vec4 0, 0, 32;
    %assign/vec4 v0xaaab19cf4f50_0, 0;
    %jmp T_11.5;
T_11.4 ;
    %load/vec4 v0xaaab19cf4f50_0;
    %addi 4, 0, 32;
    %assign/vec4 v0xaaab19cf4f50_0, 0;
T_11.5 ;
T_11.3 ;
T_11.1 ;
    %jmp T_11;
    .thread T_11;
    .scope S_0xaaab19c20060;
T_12 ;
    %wait E_0xaaab19c15bb0;
    %load/vec4 v0xaaab19cf4690_0;
    %pad/u 32;
    %cmpi/e 0, 0, 32;
    %jmp/0xz  T_12.0, 4;
    %load/vec4 v0xaaab19cf45b0_0;
    %assign/vec4 v0xaaab19cf45b0_0, 0;
    %load/vec4 v0xaaab19cf4730_0;
    %assign/vec4 v0xaaab19cf4730_0, 0;
T_12.0 ;
    %load/vec4 v0xaaab19cf6f20_0;
    %cmpi/e 0, 0, 1;
    %jmp/0xz  T_12.2, 4;
    %pushi/vec4 0, 0, 32;
    %assign/vec4 v0xaaab19cf45b0_0, 0;
    %pushi/vec4 0, 0, 32;
    %assign/vec4 v0xaaab19cf4730_0, 0;
    %jmp T_12.3;
T_12.2 ;
    %load/vec4 v0xaaab19cf4f50_0;
    %addi 4, 0, 32;
    %assign/vec4 v0xaaab19cf45b0_0, 0;
    %load/vec4 v0xaaab19cf6940_0;
    %assign/vec4 v0xaaab19cf4730_0, 0;
T_12.3 ;
    %jmp T_12;
    .thread T_12;
    .scope S_0xaaab19c20060;
T_13 ;
    %wait E_0xaaab19c15bb0;
    %load/vec4 v0xaaab19cf6f20_0;
    %cmpi/e 0, 0, 1;
    %jmp/0xz  T_13.0, 4;
    %pushi/vec4 0, 0, 32;
    %assign/vec4 v0xaaab19cf4020_0, 0;
    %pushi/vec4 0, 0, 32;
    %assign/vec4 v0xaaab19cf4100_0, 0;
    %pushi/vec4 0, 0, 32;
    %assign/vec4 v0xaaab19cf41e0_0, 0;
    %pushi/vec4 0, 0, 5;
    %assign/vec4 v0xaaab19cf3dc0_0, 0;
    %pushi/vec4 0, 0, 5;
    %assign/vec4 v0xaaab19cf3eb0_0, 0;
    %pushi/vec4 0, 0, 5;
    %assign/vec4 v0xaaab19cf3f80_0, 0;
    %pushi/vec4 0, 0, 1;
    %assign/vec4 v0xaaab19cf3c40_0, 0;
    %pushi/vec4 0, 0, 2;
    %assign/vec4 v0xaaab19cf38c0_0, 0;
    %pushi/vec4 0, 0, 1;
    %assign/vec4 v0xaaab19cf3820_0, 0;
    %pushi/vec4 0, 0, 1;
    %assign/vec4 v0xaaab19cf3990_0, 0;
    %pushi/vec4 0, 0, 1;
    %assign/vec4 v0xaaab19cf3a30_0, 0;
    %pushi/vec4 0, 0, 1;
    %assign/vec4 v0xaaab19cf3ba0_0, 0;
    %pushi/vec4 0, 0, 1;
    %assign/vec4 v0xaaab19cf3b00_0, 0;
    %pushi/vec4 0, 0, 1;
    %assign/vec4 v0xaaab19cf3d00_0, 0;
    %jmp T_13.1;
T_13.0 ;
    %load/vec4 v0xaaab19cf6d80_0;
    %assign/vec4 v0xaaab19cf4020_0, 0;
    %load/vec4 v0xaaab19cf6e50_0;
    %assign/vec4 v0xaaab19cf4100_0, 0;
    %load/vec4 v0xaaab19cf7150_0;
    %assign/vec4 v0xaaab19cf41e0_0, 0;
    %load/vec4 v0xaaab19cf7210_0;
    %assign/vec4 v0xaaab19cf44d0_0, 0;
    %load/vec4 v0xaaab19cf6a30_0;
    %assign/vec4 v0xaaab19cf3dc0_0, 0;
    %load/vec4 v0xaaab19cf6af0_0;
    %assign/vec4 v0xaaab19cf3eb0_0, 0;
    %load/vec4 v0xaaab19cf6be0_0;
    %assign/vec4 v0xaaab19cf3f80_0, 0;
    %load/vec4 v0xaaab19cf4c70_0;
    %flag_set/vec4 8;
    %jmp/0 T_13.2, 8;
    %load/vec4 v0xaaab19cf50c0_0;
    %jmp/1 T_13.3, 8;
T_13.2 ; End of true expr.
    %pushi/vec4 0, 0, 1;
    %jmp/0 T_13.3, 8;
 ; End of false expr.
    %blend;
T_13.3;
    %assign/vec4 v0xaaab19cf3c40_0, 0;
    %load/vec4 v0xaaab19cf4c70_0;
    %flag_set/vec4 8;
    %jmp/0 T_13.4, 8;
    %load/vec4 v0xaaab19cf2c40_0;
    %jmp/1 T_13.5, 8;
T_13.4 ; End of true expr.
    %pushi/vec4 0, 0, 2;
    %jmp/0 T_13.5, 8;
 ; End of false expr.
    %blend;
T_13.5;
    %assign/vec4 v0xaaab19cf38c0_0, 0;
    %load/vec4 v0xaaab19cf4c70_0;
    %flag_set/vec4 8;
    %jmp/0 T_13.6, 8;
    %load/vec4 v0xaaab19cf2b50_0;
    %jmp/1 T_13.7, 8;
T_13.6 ; End of true expr.
    %pushi/vec4 0, 0, 1;
    %jmp/0 T_13.7, 8;
 ; End of false expr.
    %blend;
T_13.7;
    %assign/vec4 v0xaaab19cf3820_0, 0;
    %load/vec4 v0xaaab19cf4c70_0;
    %flag_set/vec4 8;
    %jmp/0 T_13.8, 8;
    %load/vec4 v0xaaab19cf2d10_0;
    %jmp/1 T_13.9, 8;
T_13.8 ; End of true expr.
    %pushi/vec4 0, 0, 1;
    %jmp/0 T_13.9, 8;
 ; End of false expr.
    %blend;
T_13.9;
    %assign/vec4 v0xaaab19cf3990_0, 0;
    %load/vec4 v0xaaab19cf4c70_0;
    %flag_set/vec4 8;
    %jmp/0 T_13.10, 8;
    %load/vec4 v0xaaab19cf4d10_0;
    %jmp/1 T_13.11, 8;
T_13.10 ; End of true expr.
    %pushi/vec4 0, 0, 1;
    %jmp/0 T_13.11, 8;
 ; End of false expr.
    %blend;
T_13.11;
    %assign/vec4 v0xaaab19cf3a30_0, 0;
    %load/vec4 v0xaaab19cf4c70_0;
    %flag_set/vec4 8;
    %jmp/0 T_13.12, 8;
    %load/vec4 v0xaaab19cf4e80_0;
    %jmp/1 T_13.13, 8;
T_13.12 ; End of true expr.
    %pushi/vec4 0, 0, 1;
    %jmp/0 T_13.13, 8;
 ; End of false expr.
    %blend;
T_13.13;
    %assign/vec4 v0xaaab19cf3ba0_0, 0;
    %load/vec4 v0xaaab19cf4c70_0;
    %flag_set/vec4 8;
    %jmp/0 T_13.14, 8;
    %load/vec4 v0xaaab19cf4db0_0;
    %jmp/1 T_13.15, 8;
T_13.14 ; End of true expr.
    %pushi/vec4 0, 0, 1;
    %jmp/0 T_13.15, 8;
 ; End of false expr.
    %blend;
T_13.15;
    %assign/vec4 v0xaaab19cf3b00_0, 0;
    %load/vec4 v0xaaab19cf4c70_0;
    %flag_set/vec4 8;
    %jmp/0 T_13.16, 8;
    %load/vec4 v0xaaab19cf5190_0;
    %jmp/1 T_13.17, 8;
T_13.16 ; End of true expr.
    %pushi/vec4 0, 0, 1;
    %jmp/0 T_13.17, 8;
 ; End of false expr.
    %blend;
T_13.17;
    %assign/vec4 v0xaaab19cf3d00_0, 0;
T_13.1 ;
    %jmp T_13;
    .thread T_13;
    .scope S_0xaaab19c20060;
T_14 ;
    %wait E_0xaaab19c15bb0;
    %load/vec4 v0xaaab19cf6f20_0;
    %cmpi/e 0, 0, 1;
    %jmp/0xz  T_14.0, 4;
    %pushi/vec4 0, 0, 32;
    %assign/vec4 v0xaaab19cf2eb0_0, 0;
    %pushi/vec4 0, 0, 5;
    %assign/vec4 v0xaaab19cf3400_0, 0;
    %pushi/vec4 0, 0, 32;
    %assign/vec4 v0xaaab19cf3260_0, 0;
    %pushi/vec4 0, 0, 1;
    %assign/vec4 v0xaaab19cf34d0_0, 0;
    %pushi/vec4 0, 0, 1;
    %assign/vec4 v0xaaab19cf2f80_0, 0;
    %pushi/vec4 0, 0, 1;
    %assign/vec4 v0xaaab19cf3020_0, 0;
    %pushi/vec4 0, 0, 1;
    %assign/vec4 v0xaaab19cf3190_0, 0;
    %pushi/vec4 0, 0, 1;
    %assign/vec4 v0xaaab19cf30f0_0, 0;
    %pushi/vec4 0, 0, 1;
    %assign/vec4 v0xaaab19cf3330_0, 0;
    %jmp T_14.1;
T_14.0 ;
    %load/vec4 v0xaaab19cf2ab0_0;
    %assign/vec4 v0xaaab19cf2eb0_0, 0;
    %load/vec4 v0xaaab19cf5260_0;
    %assign/vec4 v0xaaab19cf3400_0, 0;
    %load/vec4 v0xaaab19cf3750_0;
    %parti/s 1, 1, 2;
    %flag_set/vec4 8;
    %jmp/0 T_14.2, 8;
    %load/vec4 v0xaaab19cf2eb0_0;
    %jmp/1 T_14.3, 8;
T_14.2 ; End of true expr.
    %load/vec4 v0xaaab19cf3750_0;
    %parti/s 1, 0, 2;
    %flag_set/vec4 9;
    %jmp/0 T_14.4, 9;
    %load/vec4 v0xaaab19cf72f0_0;
    %jmp/1 T_14.5, 9;
T_14.4 ; End of true expr.
    %load/vec4 v0xaaab19cf4100_0;
    %jmp/0 T_14.5, 9;
 ; End of false expr.
    %blend;
T_14.5;
    %jmp/0 T_14.3, 8;
 ; End of false expr.
    %blend;
T_14.3;
    %assign/vec4 v0xaaab19cf3260_0, 0;
    %load/vec4 v0xaaab19cf5300_0;
    %assign/vec4 v0xaaab19cf34d0_0, 0;
    %load/vec4 v0xaaab19cf3990_0;
    %assign/vec4 v0xaaab19cf2f80_0, 0;
    %load/vec4 v0xaaab19cf3a30_0;
    %assign/vec4 v0xaaab19cf3020_0, 0;
    %load/vec4 v0xaaab19cf3ba0_0;
    %assign/vec4 v0xaaab19cf3190_0, 0;
    %load/vec4 v0xaaab19cf3b00_0;
    %assign/vec4 v0xaaab19cf30f0_0, 0;
    %load/vec4 v0xaaab19cf3d00_0;
    %assign/vec4 v0xaaab19cf3330_0, 0;
T_14.1 ;
    %jmp T_14;
    .thread T_14;
    .scope S_0xaaab19c20060;
T_15 ;
    %wait E_0xaaab19c15bb0;
    %load/vec4 v0xaaab19cf6f20_0;
    %cmpi/e 0, 0, 1;
    %jmp/0xz  T_15.0, 4;
    %pushi/vec4 0, 0, 32;
    %assign/vec4 v0xaaab19cf48d0_0, 0;
    %pushi/vec4 0, 0, 32;
    %assign/vec4 v0xaaab19cf47f0_0, 0;
    %pushi/vec4 0, 0, 5;
    %assign/vec4 v0xaaab19cf4b60_0, 0;
    %pushi/vec4 0, 0, 1;
    %assign/vec4 v0xaaab19cf49b0_0, 0;
    %pushi/vec4 0, 0, 1;
    %assign/vec4 v0xaaab19cf4a70_0, 0;
    %jmp T_15.1;
T_15.0 ;
    %load/vec4 v0xaaab19cf2de0_0;
    %assign/vec4 v0xaaab19cf48d0_0, 0;
    %load/vec4 v0xaaab19cf2eb0_0;
    %assign/vec4 v0xaaab19cf47f0_0, 0;
    %load/vec4 v0xaaab19cf3400_0;
    %assign/vec4 v0xaaab19cf4b60_0, 0;
    %load/vec4 v0xaaab19cf30f0_0;
    %assign/vec4 v0xaaab19cf49b0_0, 0;
    %load/vec4 v0xaaab19cf3330_0;
    %assign/vec4 v0xaaab19cf4a70_0, 0;
T_15.1 ;
    %jmp T_15;
    .thread T_15;
    .scope S_0xaaab19cf7710;
T_16 ;
    %wait E_0xaaab19cf7970;
    %load/vec4 v0xaaab19cf79f0_0;
    %cmpi/e 0, 0, 32;
    %jmp/0xz  T_16.0, 4;
    %pushi/vec4 11565, 0, 32; draw_string_vec4
    %pushi/vec4 45, 0, 8; draw_string_vec4
    %concat/vec4; draw_string_vec4
    %store/vec4 v0xaaab19cf7b20_0, 0, 40;
    %jmp T_16.1;
T_16.0 ;
    %load/vec4 v0xaaab19cf79f0_0;
    %parti/s 6, 26, 6;
    %dup/vec4;
    %pushi/vec4 0, 0, 6;
    %cmp/u;
    %jmp/1 T_16.2, 6;
    %dup/vec4;
    %pushi/vec4 35, 0, 6;
    %cmp/u;
    %jmp/1 T_16.3, 6;
    %dup/vec4;
    %pushi/vec4 43, 0, 6;
    %cmp/u;
    %jmp/1 T_16.4, 6;
    %dup/vec4;
    %pushi/vec4 4, 0, 6;
    %cmp/u;
    %jmp/1 T_16.5, 6;
    %dup/vec4;
    %pushi/vec4 5, 0, 6;
    %cmp/u;
    %jmp/1 T_16.6, 6;
    %dup/vec4;
    %pushi/vec4 8, 0, 6;
    %cmp/u;
    %jmp/1 T_16.7, 6;
    %pushi/vec4 11565, 0, 32; draw_string_vec4
    %pushi/vec4 45, 0, 8; draw_string_vec4
    %concat/vec4; draw_string_vec4
    %store/vec4 v0xaaab19cf7b20_0, 0, 40;
    %jmp T_16.9;
T_16.2 ;
    %load/vec4 v0xaaab19cf79f0_0;
    %parti/s 6, 0, 2;
    %dup/vec4;
    %pushi/vec4 0, 0, 6;
    %cmp/u;
    %jmp/1 T_16.10, 6;
    %dup/vec4;
    %pushi/vec4 2, 0, 6;
    %cmp/u;
    %jmp/1 T_16.11, 6;
    %dup/vec4;
    %pushi/vec4 4, 0, 6;
    %cmp/u;
    %jmp/1 T_16.12, 6;
    %dup/vec4;
    %pushi/vec4 6, 0, 6;
    %cmp/u;
    %jmp/1 T_16.13, 6;
    %dup/vec4;
    %pushi/vec4 32, 0, 6;
    %cmp/u;
    %jmp/1 T_16.14, 6;
    %dup/vec4;
    %pushi/vec4 34, 0, 6;
    %cmp/u;
    %jmp/1 T_16.15, 6;
    %dup/vec4;
    %pushi/vec4 36, 0, 6;
    %cmp/u;
    %jmp/1 T_16.16, 6;
    %dup/vec4;
    %pushi/vec4 37, 0, 6;
    %cmp/u;
    %jmp/1 T_16.17, 6;
    %dup/vec4;
    %pushi/vec4 39, 0, 6;
    %cmp/u;
    %jmp/1 T_16.18, 6;
    %dup/vec4;
    %pushi/vec4 42, 0, 6;
    %cmp/u;
    %jmp/1 T_16.19, 6;
    %pushi/vec4 11565, 0, 32; draw_string_vec4
    %pushi/vec4 45, 0, 8; draw_string_vec4
    %concat/vec4; draw_string_vec4
    %store/vec4 v0xaaab19cf7b20_0, 0, 40;
    %jmp T_16.21;
T_16.10 ;
    %pushi/vec4 21324, 0, 32; draw_string_vec4
    %pushi/vec4 76, 0, 8; draw_string_vec4
    %concat/vec4; draw_string_vec4
    %store/vec4 v0xaaab19cf7b20_0, 0, 40;
    %jmp T_16.21;
T_16.11 ;
    %pushi/vec4 21330, 0, 32; draw_string_vec4
    %pushi/vec4 76, 0, 8; draw_string_vec4
    %concat/vec4; draw_string_vec4
    %store/vec4 v0xaaab19cf7b20_0, 0, 40;
    %jmp T_16.21;
T_16.12 ;
    %pushi/vec4 5459020, 0, 32; draw_string_vec4
    %pushi/vec4 86, 0, 8; draw_string_vec4
    %concat/vec4; draw_string_vec4
    %store/vec4 v0xaaab19cf7b20_0, 0, 40;
    %jmp T_16.21;
T_16.13 ;
    %pushi/vec4 5460556, 0, 32; draw_string_vec4
    %pushi/vec4 86, 0, 8; draw_string_vec4
    %concat/vec4; draw_string_vec4
    %store/vec4 v0xaaab19cf7b20_0, 0, 40;
    %jmp T_16.21;
T_16.14 ;
    %pushi/vec4 16708, 0, 32; draw_string_vec4
    %pushi/vec4 68, 0, 8; draw_string_vec4
    %concat/vec4; draw_string_vec4
    %store/vec4 v0xaaab19cf7b20_0, 0, 40;
    %jmp T_16.21;
T_16.15 ;
    %pushi/vec4 21333, 0, 32; draw_string_vec4
    %pushi/vec4 66, 0, 8; draw_string_vec4
    %concat/vec4; draw_string_vec4
    %store/vec4 v0xaaab19cf7b20_0, 0, 40;
    %jmp T_16.21;
T_16.16 ;
    %pushi/vec4 16718, 0, 32; draw_string_vec4
    %pushi/vec4 68, 0, 8; draw_string_vec4
    %concat/vec4; draw_string_vec4
    %store/vec4 v0xaaab19cf7b20_0, 0, 40;
    %jmp T_16.21;
T_16.17 ;
    %pushi/vec4 79, 0, 32; draw_string_vec4
    %pushi/vec4 82, 0, 8; draw_string_vec4
    %concat/vec4; draw_string_vec4
    %store/vec4 v0xaaab19cf7b20_0, 0, 40;
    %jmp T_16.21;
T_16.18 ;
    %pushi/vec4 20047, 0, 32; draw_string_vec4
    %pushi/vec4 82, 0, 8; draw_string_vec4
    %concat/vec4; draw_string_vec4
    %store/vec4 v0xaaab19cf7b20_0, 0, 40;
    %jmp T_16.21;
T_16.19 ;
    %pushi/vec4 21324, 0, 32; draw_string_vec4
    %pushi/vec4 84, 0, 8; draw_string_vec4
    %concat/vec4; draw_string_vec4
    %store/vec4 v0xaaab19cf7b20_0, 0, 40;
    %jmp T_16.21;
T_16.21 ;
    %pop/vec4 1;
    %jmp T_16.9;
T_16.3 ;
    %pushi/vec4 76, 0, 32; draw_string_vec4
    %pushi/vec4 87, 0, 8; draw_string_vec4
    %concat/vec4; draw_string_vec4
    %store/vec4 v0xaaab19cf7b20_0, 0, 40;
    %jmp T_16.9;
T_16.4 ;
    %pushi/vec4 83, 0, 32; draw_string_vec4
    %pushi/vec4 87, 0, 8; draw_string_vec4
    %concat/vec4; draw_string_vec4
    %store/vec4 v0xaaab19cf7b20_0, 0, 40;
    %jmp T_16.9;
T_16.5 ;
    %pushi/vec4 16965, 0, 32; draw_string_vec4
    %pushi/vec4 81, 0, 8; draw_string_vec4
    %concat/vec4; draw_string_vec4
    %store/vec4 v0xaaab19cf7b20_0, 0, 40;
    %jmp T_16.9;
T_16.6 ;
    %pushi/vec4 16974, 0, 32; draw_string_vec4
    %pushi/vec4 69, 0, 8; draw_string_vec4
    %concat/vec4; draw_string_vec4
    %store/vec4 v0xaaab19cf7b20_0, 0, 40;
    %jmp T_16.9;
T_16.7 ;
    %pushi/vec4 4277316, 0, 32; draw_string_vec4
    %pushi/vec4 73, 0, 8; draw_string_vec4
    %concat/vec4; draw_string_vec4
    %store/vec4 v0xaaab19cf7b20_0, 0, 40;
    %jmp T_16.9;
T_16.9 ;
    %pop/vec4 1;
T_16.1 ;
    %jmp T_16;
    .thread T_16, $push;
    .scope S_0xaaab19cf7c60;
T_17 ;
    %wait E_0xaaab19cf7e80;
    %load/vec4 v0xaaab19cf7f00_0;
    %cmpi/e 0, 0, 32;
    %jmp/0xz  T_17.0, 4;
    %pushi/vec4 11565, 0, 32; draw_string_vec4
    %pushi/vec4 45, 0, 8; draw_string_vec4
    %concat/vec4; draw_string_vec4
    %store/vec4 v0xaaab19cf7fe0_0, 0, 40;
    %jmp T_17.1;
T_17.0 ;
    %load/vec4 v0xaaab19cf7f00_0;
    %parti/s 6, 26, 6;
    %dup/vec4;
    %pushi/vec4 0, 0, 6;
    %cmp/u;
    %jmp/1 T_17.2, 6;
    %dup/vec4;
    %pushi/vec4 35, 0, 6;
    %cmp/u;
    %jmp/1 T_17.3, 6;
    %dup/vec4;
    %pushi/vec4 43, 0, 6;
    %cmp/u;
    %jmp/1 T_17.4, 6;
    %dup/vec4;
    %pushi/vec4 4, 0, 6;
    %cmp/u;
    %jmp/1 T_17.5, 6;
    %dup/vec4;
    %pushi/vec4 5, 0, 6;
    %cmp/u;
    %jmp/1 T_17.6, 6;
    %dup/vec4;
    %pushi/vec4 8, 0, 6;
    %cmp/u;
    %jmp/1 T_17.7, 6;
    %pushi/vec4 11565, 0, 32; draw_string_vec4
    %pushi/vec4 45, 0, 8; draw_string_vec4
    %concat/vec4; draw_string_vec4
    %store/vec4 v0xaaab19cf7fe0_0, 0, 40;
    %jmp T_17.9;
T_17.2 ;
    %load/vec4 v0xaaab19cf7f00_0;
    %parti/s 6, 0, 2;
    %dup/vec4;
    %pushi/vec4 0, 0, 6;
    %cmp/u;
    %jmp/1 T_17.10, 6;
    %dup/vec4;
    %pushi/vec4 2, 0, 6;
    %cmp/u;
    %jmp/1 T_17.11, 6;
    %dup/vec4;
    %pushi/vec4 4, 0, 6;
    %cmp/u;
    %jmp/1 T_17.12, 6;
    %dup/vec4;
    %pushi/vec4 6, 0, 6;
    %cmp/u;
    %jmp/1 T_17.13, 6;
    %dup/vec4;
    %pushi/vec4 32, 0, 6;
    %cmp/u;
    %jmp/1 T_17.14, 6;
    %dup/vec4;
    %pushi/vec4 34, 0, 6;
    %cmp/u;
    %jmp/1 T_17.15, 6;
    %dup/vec4;
    %pushi/vec4 36, 0, 6;
    %cmp/u;
    %jmp/1 T_17.16, 6;
    %dup/vec4;
    %pushi/vec4 37, 0, 6;
    %cmp/u;
    %jmp/1 T_17.17, 6;
    %dup/vec4;
    %pushi/vec4 39, 0, 6;
    %cmp/u;
    %jmp/1 T_17.18, 6;
    %dup/vec4;
    %pushi/vec4 42, 0, 6;
    %cmp/u;
    %jmp/1 T_17.19, 6;
    %pushi/vec4 11565, 0, 32; draw_string_vec4
    %pushi/vec4 45, 0, 8; draw_string_vec4
    %concat/vec4; draw_string_vec4
    %store/vec4 v0xaaab19cf7fe0_0, 0, 40;
    %jmp T_17.21;
T_17.10 ;
    %pushi/vec4 21324, 0, 32; draw_string_vec4
    %pushi/vec4 76, 0, 8; draw_string_vec4
    %concat/vec4; draw_string_vec4
    %store/vec4 v0xaaab19cf7fe0_0, 0, 40;
    %jmp T_17.21;
T_17.11 ;
    %pushi/vec4 21330, 0, 32; draw_string_vec4
    %pushi/vec4 76, 0, 8; draw_string_vec4
    %concat/vec4; draw_string_vec4
    %store/vec4 v0xaaab19cf7fe0_0, 0, 40;
    %jmp T_17.21;
T_17.12 ;
    %pushi/vec4 5459020, 0, 32; draw_string_vec4
    %pushi/vec4 86, 0, 8; draw_string_vec4
    %concat/vec4; draw_string_vec4
    %store/vec4 v0xaaab19cf7fe0_0, 0, 40;
    %jmp T_17.21;
T_17.13 ;
    %pushi/vec4 5460556, 0, 32; draw_string_vec4
    %pushi/vec4 86, 0, 8; draw_string_vec4
    %concat/vec4; draw_string_vec4
    %store/vec4 v0xaaab19cf7fe0_0, 0, 40;
    %jmp T_17.21;
T_17.14 ;
    %pushi/vec4 16708, 0, 32; draw_string_vec4
    %pushi/vec4 68, 0, 8; draw_string_vec4
    %concat/vec4; draw_string_vec4
    %store/vec4 v0xaaab19cf7fe0_0, 0, 40;
    %jmp T_17.21;
T_17.15 ;
    %pushi/vec4 21333, 0, 32; draw_string_vec4
    %pushi/vec4 66, 0, 8; draw_string_vec4
    %concat/vec4; draw_string_vec4
    %store/vec4 v0xaaab19cf7fe0_0, 0, 40;
    %jmp T_17.21;
T_17.16 ;
    %pushi/vec4 16718, 0, 32; draw_string_vec4
    %pushi/vec4 68, 0, 8; draw_string_vec4
    %concat/vec4; draw_string_vec4
    %store/vec4 v0xaaab19cf7fe0_0, 0, 40;
    %jmp T_17.21;
T_17.17 ;
    %pushi/vec4 79, 0, 32; draw_string_vec4
    %pushi/vec4 82, 0, 8; draw_string_vec4
    %concat/vec4; draw_string_vec4
    %store/vec4 v0xaaab19cf7fe0_0, 0, 40;
    %jmp T_17.21;
T_17.18 ;
    %pushi/vec4 20047, 0, 32; draw_string_vec4
    %pushi/vec4 82, 0, 8; draw_string_vec4
    %concat/vec4; draw_string_vec4
    %store/vec4 v0xaaab19cf7fe0_0, 0, 40;
    %jmp T_17.21;
T_17.19 ;
    %pushi/vec4 21324, 0, 32; draw_string_vec4
    %pushi/vec4 84, 0, 8; draw_string_vec4
    %concat/vec4; draw_string_vec4
    %store/vec4 v0xaaab19cf7fe0_0, 0, 40;
    %jmp T_17.21;
T_17.21 ;
    %pop/vec4 1;
    %jmp T_17.9;
T_17.3 ;
    %pushi/vec4 76, 0, 32; draw_string_vec4
    %pushi/vec4 87, 0, 8; draw_string_vec4
    %concat/vec4; draw_string_vec4
    %store/vec4 v0xaaab19cf7fe0_0, 0, 40;
    %jmp T_17.9;
T_17.4 ;
    %pushi/vec4 83, 0, 32; draw_string_vec4
    %pushi/vec4 87, 0, 8; draw_string_vec4
    %concat/vec4; draw_string_vec4
    %store/vec4 v0xaaab19cf7fe0_0, 0, 40;
    %jmp T_17.9;
T_17.5 ;
    %pushi/vec4 16965, 0, 32; draw_string_vec4
    %pushi/vec4 81, 0, 8; draw_string_vec4
    %concat/vec4; draw_string_vec4
    %store/vec4 v0xaaab19cf7fe0_0, 0, 40;
    %jmp T_17.9;
T_17.6 ;
    %pushi/vec4 16974, 0, 32; draw_string_vec4
    %pushi/vec4 69, 0, 8; draw_string_vec4
    %concat/vec4; draw_string_vec4
    %store/vec4 v0xaaab19cf7fe0_0, 0, 40;
    %jmp T_17.9;
T_17.7 ;
    %pushi/vec4 4277316, 0, 32; draw_string_vec4
    %pushi/vec4 73, 0, 8; draw_string_vec4
    %concat/vec4; draw_string_vec4
    %store/vec4 v0xaaab19cf7fe0_0, 0, 40;
    %jmp T_17.9;
T_17.9 ;
    %pop/vec4 1;
T_17.1 ;
    %jmp T_17;
    .thread T_17, $push;
    .scope S_0xaaab19cf8100;
T_18 ;
    %wait E_0xaaab19cf8350;
    %load/vec4 v0xaaab19cf83b0_0;
    %cmpi/e 0, 0, 32;
    %jmp/0xz  T_18.0, 4;
    %pushi/vec4 11565, 0, 32; draw_string_vec4
    %pushi/vec4 45, 0, 8; draw_string_vec4
    %concat/vec4; draw_string_vec4
    %store/vec4 v0xaaab19cf84b0_0, 0, 40;
    %jmp T_18.1;
T_18.0 ;
    %load/vec4 v0xaaab19cf83b0_0;
    %parti/s 6, 26, 6;
    %dup/vec4;
    %pushi/vec4 0, 0, 6;
    %cmp/u;
    %jmp/1 T_18.2, 6;
    %dup/vec4;
    %pushi/vec4 35, 0, 6;
    %cmp/u;
    %jmp/1 T_18.3, 6;
    %dup/vec4;
    %pushi/vec4 43, 0, 6;
    %cmp/u;
    %jmp/1 T_18.4, 6;
    %dup/vec4;
    %pushi/vec4 4, 0, 6;
    %cmp/u;
    %jmp/1 T_18.5, 6;
    %dup/vec4;
    %pushi/vec4 5, 0, 6;
    %cmp/u;
    %jmp/1 T_18.6, 6;
    %dup/vec4;
    %pushi/vec4 8, 0, 6;
    %cmp/u;
    %jmp/1 T_18.7, 6;
    %pushi/vec4 11565, 0, 32; draw_string_vec4
    %pushi/vec4 45, 0, 8; draw_string_vec4
    %concat/vec4; draw_string_vec4
    %store/vec4 v0xaaab19cf84b0_0, 0, 40;
    %jmp T_18.9;
T_18.2 ;
    %load/vec4 v0xaaab19cf83b0_0;
    %parti/s 6, 0, 2;
    %dup/vec4;
    %pushi/vec4 0, 0, 6;
    %cmp/u;
    %jmp/1 T_18.10, 6;
    %dup/vec4;
    %pushi/vec4 2, 0, 6;
    %cmp/u;
    %jmp/1 T_18.11, 6;
    %dup/vec4;
    %pushi/vec4 4, 0, 6;
    %cmp/u;
    %jmp/1 T_18.12, 6;
    %dup/vec4;
    %pushi/vec4 6, 0, 6;
    %cmp/u;
    %jmp/1 T_18.13, 6;
    %dup/vec4;
    %pushi/vec4 32, 0, 6;
    %cmp/u;
    %jmp/1 T_18.14, 6;
    %dup/vec4;
    %pushi/vec4 34, 0, 6;
    %cmp/u;
    %jmp/1 T_18.15, 6;
    %dup/vec4;
    %pushi/vec4 36, 0, 6;
    %cmp/u;
    %jmp/1 T_18.16, 6;
    %dup/vec4;
    %pushi/vec4 37, 0, 6;
    %cmp/u;
    %jmp/1 T_18.17, 6;
    %dup/vec4;
    %pushi/vec4 39, 0, 6;
    %cmp/u;
    %jmp/1 T_18.18, 6;
    %dup/vec4;
    %pushi/vec4 42, 0, 6;
    %cmp/u;
    %jmp/1 T_18.19, 6;
    %pushi/vec4 11565, 0, 32; draw_string_vec4
    %pushi/vec4 45, 0, 8; draw_string_vec4
    %concat/vec4; draw_string_vec4
    %store/vec4 v0xaaab19cf84b0_0, 0, 40;
    %jmp T_18.21;
T_18.10 ;
    %pushi/vec4 21324, 0, 32; draw_string_vec4
    %pushi/vec4 76, 0, 8; draw_string_vec4
    %concat/vec4; draw_string_vec4
    %store/vec4 v0xaaab19cf84b0_0, 0, 40;
    %jmp T_18.21;
T_18.11 ;
    %pushi/vec4 21330, 0, 32; draw_string_vec4
    %pushi/vec4 76, 0, 8; draw_string_vec4
    %concat/vec4; draw_string_vec4
    %store/vec4 v0xaaab19cf84b0_0, 0, 40;
    %jmp T_18.21;
T_18.12 ;
    %pushi/vec4 5459020, 0, 32; draw_string_vec4
    %pushi/vec4 86, 0, 8; draw_string_vec4
    %concat/vec4; draw_string_vec4
    %store/vec4 v0xaaab19cf84b0_0, 0, 40;
    %jmp T_18.21;
T_18.13 ;
    %pushi/vec4 5460556, 0, 32; draw_string_vec4
    %pushi/vec4 86, 0, 8; draw_string_vec4
    %concat/vec4; draw_string_vec4
    %store/vec4 v0xaaab19cf84b0_0, 0, 40;
    %jmp T_18.21;
T_18.14 ;
    %pushi/vec4 16708, 0, 32; draw_string_vec4
    %pushi/vec4 68, 0, 8; draw_string_vec4
    %concat/vec4; draw_string_vec4
    %store/vec4 v0xaaab19cf84b0_0, 0, 40;
    %jmp T_18.21;
T_18.15 ;
    %pushi/vec4 21333, 0, 32; draw_string_vec4
    %pushi/vec4 66, 0, 8; draw_string_vec4
    %concat/vec4; draw_string_vec4
    %store/vec4 v0xaaab19cf84b0_0, 0, 40;
    %jmp T_18.21;
T_18.16 ;
    %pushi/vec4 16718, 0, 32; draw_string_vec4
    %pushi/vec4 68, 0, 8; draw_string_vec4
    %concat/vec4; draw_string_vec4
    %store/vec4 v0xaaab19cf84b0_0, 0, 40;
    %jmp T_18.21;
T_18.17 ;
    %pushi/vec4 79, 0, 32; draw_string_vec4
    %pushi/vec4 82, 0, 8; draw_string_vec4
    %concat/vec4; draw_string_vec4
    %store/vec4 v0xaaab19cf84b0_0, 0, 40;
    %jmp T_18.21;
T_18.18 ;
    %pushi/vec4 20047, 0, 32; draw_string_vec4
    %pushi/vec4 82, 0, 8; draw_string_vec4
    %concat/vec4; draw_string_vec4
    %store/vec4 v0xaaab19cf84b0_0, 0, 40;
    %jmp T_18.21;
T_18.19 ;
    %pushi/vec4 21324, 0, 32; draw_string_vec4
    %pushi/vec4 84, 0, 8; draw_string_vec4
    %concat/vec4; draw_string_vec4
    %store/vec4 v0xaaab19cf84b0_0, 0, 40;
    %jmp T_18.21;
T_18.21 ;
    %pop/vec4 1;
    %jmp T_18.9;
T_18.3 ;
    %pushi/vec4 76, 0, 32; draw_string_vec4
    %pushi/vec4 87, 0, 8; draw_string_vec4
    %concat/vec4; draw_string_vec4
    %store/vec4 v0xaaab19cf84b0_0, 0, 40;
    %jmp T_18.9;
T_18.4 ;
    %pushi/vec4 83, 0, 32; draw_string_vec4
    %pushi/vec4 87, 0, 8; draw_string_vec4
    %concat/vec4; draw_string_vec4
    %store/vec4 v0xaaab19cf84b0_0, 0, 40;
    %jmp T_18.9;
T_18.5 ;
    %pushi/vec4 16965, 0, 32; draw_string_vec4
    %pushi/vec4 81, 0, 8; draw_string_vec4
    %concat/vec4; draw_string_vec4
    %store/vec4 v0xaaab19cf84b0_0, 0, 40;
    %jmp T_18.9;
T_18.6 ;
    %pushi/vec4 16974, 0, 32; draw_string_vec4
    %pushi/vec4 69, 0, 8; draw_string_vec4
    %concat/vec4; draw_string_vec4
    %store/vec4 v0xaaab19cf84b0_0, 0, 40;
    %jmp T_18.9;
T_18.7 ;
    %pushi/vec4 4277316, 0, 32; draw_string_vec4
    %pushi/vec4 73, 0, 8; draw_string_vec4
    %concat/vec4; draw_string_vec4
    %store/vec4 v0xaaab19cf84b0_0, 0, 40;
    %jmp T_18.9;
T_18.9 ;
    %pop/vec4 1;
T_18.1 ;
    %jmp T_18;
    .thread T_18, $push;
    .scope S_0xaaab19cf85f0;
T_19 ;
    %wait E_0xaaab19cf8810;
    %load/vec4 v0xaaab19cf8890_0;
    %cmpi/e 0, 0, 32;
    %jmp/0xz  T_19.0, 4;
    %pushi/vec4 11565, 0, 32; draw_string_vec4
    %pushi/vec4 45, 0, 8; draw_string_vec4
    %concat/vec4; draw_string_vec4
    %store/vec4 v0xaaab19cf8990_0, 0, 40;
    %jmp T_19.1;
T_19.0 ;
    %load/vec4 v0xaaab19cf8890_0;
    %parti/s 6, 26, 6;
    %dup/vec4;
    %pushi/vec4 0, 0, 6;
    %cmp/u;
    %jmp/1 T_19.2, 6;
    %dup/vec4;
    %pushi/vec4 35, 0, 6;
    %cmp/u;
    %jmp/1 T_19.3, 6;
    %dup/vec4;
    %pushi/vec4 43, 0, 6;
    %cmp/u;
    %jmp/1 T_19.4, 6;
    %dup/vec4;
    %pushi/vec4 4, 0, 6;
    %cmp/u;
    %jmp/1 T_19.5, 6;
    %dup/vec4;
    %pushi/vec4 5, 0, 6;
    %cmp/u;
    %jmp/1 T_19.6, 6;
    %dup/vec4;
    %pushi/vec4 8, 0, 6;
    %cmp/u;
    %jmp/1 T_19.7, 6;
    %pushi/vec4 11565, 0, 32; draw_string_vec4
    %pushi/vec4 45, 0, 8; draw_string_vec4
    %concat/vec4; draw_string_vec4
    %store/vec4 v0xaaab19cf8990_0, 0, 40;
    %jmp T_19.9;
T_19.2 ;
    %load/vec4 v0xaaab19cf8890_0;
    %parti/s 6, 0, 2;
    %dup/vec4;
    %pushi/vec4 0, 0, 6;
    %cmp/u;
    %jmp/1 T_19.10, 6;
    %dup/vec4;
    %pushi/vec4 2, 0, 6;
    %cmp/u;
    %jmp/1 T_19.11, 6;
    %dup/vec4;
    %pushi/vec4 4, 0, 6;
    %cmp/u;
    %jmp/1 T_19.12, 6;
    %dup/vec4;
    %pushi/vec4 6, 0, 6;
    %cmp/u;
    %jmp/1 T_19.13, 6;
    %dup/vec4;
    %pushi/vec4 32, 0, 6;
    %cmp/u;
    %jmp/1 T_19.14, 6;
    %dup/vec4;
    %pushi/vec4 34, 0, 6;
    %cmp/u;
    %jmp/1 T_19.15, 6;
    %dup/vec4;
    %pushi/vec4 36, 0, 6;
    %cmp/u;
    %jmp/1 T_19.16, 6;
    %dup/vec4;
    %pushi/vec4 37, 0, 6;
    %cmp/u;
    %jmp/1 T_19.17, 6;
    %dup/vec4;
    %pushi/vec4 39, 0, 6;
    %cmp/u;
    %jmp/1 T_19.18, 6;
    %dup/vec4;
    %pushi/vec4 42, 0, 6;
    %cmp/u;
    %jmp/1 T_19.19, 6;
    %pushi/vec4 11565, 0, 32; draw_string_vec4
    %pushi/vec4 45, 0, 8; draw_string_vec4
    %concat/vec4; draw_string_vec4
    %store/vec4 v0xaaab19cf8990_0, 0, 40;
    %jmp T_19.21;
T_19.10 ;
    %pushi/vec4 21324, 0, 32; draw_string_vec4
    %pushi/vec4 76, 0, 8; draw_string_vec4
    %concat/vec4; draw_string_vec4
    %store/vec4 v0xaaab19cf8990_0, 0, 40;
    %jmp T_19.21;
T_19.11 ;
    %pushi/vec4 21330, 0, 32; draw_string_vec4
    %pushi/vec4 76, 0, 8; draw_string_vec4
    %concat/vec4; draw_string_vec4
    %store/vec4 v0xaaab19cf8990_0, 0, 40;
    %jmp T_19.21;
T_19.12 ;
    %pushi/vec4 5459020, 0, 32; draw_string_vec4
    %pushi/vec4 86, 0, 8; draw_string_vec4
    %concat/vec4; draw_string_vec4
    %store/vec4 v0xaaab19cf8990_0, 0, 40;
    %jmp T_19.21;
T_19.13 ;
    %pushi/vec4 5460556, 0, 32; draw_string_vec4
    %pushi/vec4 86, 0, 8; draw_string_vec4
    %concat/vec4; draw_string_vec4
    %store/vec4 v0xaaab19cf8990_0, 0, 40;
    %jmp T_19.21;
T_19.14 ;
    %pushi/vec4 16708, 0, 32; draw_string_vec4
    %pushi/vec4 68, 0, 8; draw_string_vec4
    %concat/vec4; draw_string_vec4
    %store/vec4 v0xaaab19cf8990_0, 0, 40;
    %jmp T_19.21;
T_19.15 ;
    %pushi/vec4 21333, 0, 32; draw_string_vec4
    %pushi/vec4 66, 0, 8; draw_string_vec4
    %concat/vec4; draw_string_vec4
    %store/vec4 v0xaaab19cf8990_0, 0, 40;
    %jmp T_19.21;
T_19.16 ;
    %pushi/vec4 16718, 0, 32; draw_string_vec4
    %pushi/vec4 68, 0, 8; draw_string_vec4
    %concat/vec4; draw_string_vec4
    %store/vec4 v0xaaab19cf8990_0, 0, 40;
    %jmp T_19.21;
T_19.17 ;
    %pushi/vec4 79, 0, 32; draw_string_vec4
    %pushi/vec4 82, 0, 8; draw_string_vec4
    %concat/vec4; draw_string_vec4
    %store/vec4 v0xaaab19cf8990_0, 0, 40;
    %jmp T_19.21;
T_19.18 ;
    %pushi/vec4 20047, 0, 32; draw_string_vec4
    %pushi/vec4 82, 0, 8; draw_string_vec4
    %concat/vec4; draw_string_vec4
    %store/vec4 v0xaaab19cf8990_0, 0, 40;
    %jmp T_19.21;
T_19.19 ;
    %pushi/vec4 21324, 0, 32; draw_string_vec4
    %pushi/vec4 84, 0, 8; draw_string_vec4
    %concat/vec4; draw_string_vec4
    %store/vec4 v0xaaab19cf8990_0, 0, 40;
    %jmp T_19.21;
T_19.21 ;
    %pop/vec4 1;
    %jmp T_19.9;
T_19.3 ;
    %pushi/vec4 76, 0, 32; draw_string_vec4
    %pushi/vec4 87, 0, 8; draw_string_vec4
    %concat/vec4; draw_string_vec4
    %store/vec4 v0xaaab19cf8990_0, 0, 40;
    %jmp T_19.9;
T_19.4 ;
    %pushi/vec4 83, 0, 32; draw_string_vec4
    %pushi/vec4 87, 0, 8; draw_string_vec4
    %concat/vec4; draw_string_vec4
    %store/vec4 v0xaaab19cf8990_0, 0, 40;
    %jmp T_19.9;
T_19.5 ;
    %pushi/vec4 16965, 0, 32; draw_string_vec4
    %pushi/vec4 81, 0, 8; draw_string_vec4
    %concat/vec4; draw_string_vec4
    %store/vec4 v0xaaab19cf8990_0, 0, 40;
    %jmp T_19.9;
T_19.6 ;
    %pushi/vec4 16974, 0, 32; draw_string_vec4
    %pushi/vec4 69, 0, 8; draw_string_vec4
    %concat/vec4; draw_string_vec4
    %store/vec4 v0xaaab19cf8990_0, 0, 40;
    %jmp T_19.9;
T_19.7 ;
    %pushi/vec4 4277316, 0, 32; draw_string_vec4
    %pushi/vec4 73, 0, 8; draw_string_vec4
    %concat/vec4; draw_string_vec4
    %store/vec4 v0xaaab19cf8990_0, 0, 40;
    %jmp T_19.9;
T_19.9 ;
    %pop/vec4 1;
T_19.1 ;
    %jmp T_19;
    .thread T_19, $push;
    .scope S_0xaaab19cf8ad0;
T_20 ;
    %wait E_0xaaab19cf8d40;
    %load/vec4 v0xaaab19cf8dc0_0;
    %cmpi/e 0, 0, 32;
    %jmp/0xz  T_20.0, 4;
    %pushi/vec4 11565, 0, 32; draw_string_vec4
    %pushi/vec4 45, 0, 8; draw_string_vec4
    %concat/vec4; draw_string_vec4
    %store/vec4 v0xaaab19cf8ec0_0, 0, 40;
    %jmp T_20.1;
T_20.0 ;
    %load/vec4 v0xaaab19cf8dc0_0;
    %parti/s 6, 26, 6;
    %dup/vec4;
    %pushi/vec4 0, 0, 6;
    %cmp/u;
    %jmp/1 T_20.2, 6;
    %dup/vec4;
    %pushi/vec4 35, 0, 6;
    %cmp/u;
    %jmp/1 T_20.3, 6;
    %dup/vec4;
    %pushi/vec4 43, 0, 6;
    %cmp/u;
    %jmp/1 T_20.4, 6;
    %dup/vec4;
    %pushi/vec4 4, 0, 6;
    %cmp/u;
    %jmp/1 T_20.5, 6;
    %dup/vec4;
    %pushi/vec4 5, 0, 6;
    %cmp/u;
    %jmp/1 T_20.6, 6;
    %dup/vec4;
    %pushi/vec4 8, 0, 6;
    %cmp/u;
    %jmp/1 T_20.7, 6;
    %pushi/vec4 11565, 0, 32; draw_string_vec4
    %pushi/vec4 45, 0, 8; draw_string_vec4
    %concat/vec4; draw_string_vec4
    %store/vec4 v0xaaab19cf8ec0_0, 0, 40;
    %jmp T_20.9;
T_20.2 ;
    %load/vec4 v0xaaab19cf8dc0_0;
    %parti/s 6, 0, 2;
    %dup/vec4;
    %pushi/vec4 0, 0, 6;
    %cmp/u;
    %jmp/1 T_20.10, 6;
    %dup/vec4;
    %pushi/vec4 2, 0, 6;
    %cmp/u;
    %jmp/1 T_20.11, 6;
    %dup/vec4;
    %pushi/vec4 4, 0, 6;
    %cmp/u;
    %jmp/1 T_20.12, 6;
    %dup/vec4;
    %pushi/vec4 6, 0, 6;
    %cmp/u;
    %jmp/1 T_20.13, 6;
    %dup/vec4;
    %pushi/vec4 32, 0, 6;
    %cmp/u;
    %jmp/1 T_20.14, 6;
    %dup/vec4;
    %pushi/vec4 34, 0, 6;
    %cmp/u;
    %jmp/1 T_20.15, 6;
    %dup/vec4;
    %pushi/vec4 36, 0, 6;
    %cmp/u;
    %jmp/1 T_20.16, 6;
    %dup/vec4;
    %pushi/vec4 37, 0, 6;
    %cmp/u;
    %jmp/1 T_20.17, 6;
    %dup/vec4;
    %pushi/vec4 39, 0, 6;
    %cmp/u;
    %jmp/1 T_20.18, 6;
    %dup/vec4;
    %pushi/vec4 42, 0, 6;
    %cmp/u;
    %jmp/1 T_20.19, 6;
    %pushi/vec4 11565, 0, 32; draw_string_vec4
    %pushi/vec4 45, 0, 8; draw_string_vec4
    %concat/vec4; draw_string_vec4
    %store/vec4 v0xaaab19cf8ec0_0, 0, 40;
    %jmp T_20.21;
T_20.10 ;
    %pushi/vec4 21324, 0, 32; draw_string_vec4
    %pushi/vec4 76, 0, 8; draw_string_vec4
    %concat/vec4; draw_string_vec4
    %store/vec4 v0xaaab19cf8ec0_0, 0, 40;
    %jmp T_20.21;
T_20.11 ;
    %pushi/vec4 21330, 0, 32; draw_string_vec4
    %pushi/vec4 76, 0, 8; draw_string_vec4
    %concat/vec4; draw_string_vec4
    %store/vec4 v0xaaab19cf8ec0_0, 0, 40;
    %jmp T_20.21;
T_20.12 ;
    %pushi/vec4 5459020, 0, 32; draw_string_vec4
    %pushi/vec4 86, 0, 8; draw_string_vec4
    %concat/vec4; draw_string_vec4
    %store/vec4 v0xaaab19cf8ec0_0, 0, 40;
    %jmp T_20.21;
T_20.13 ;
    %pushi/vec4 5460556, 0, 32; draw_string_vec4
    %pushi/vec4 86, 0, 8; draw_string_vec4
    %concat/vec4; draw_string_vec4
    %store/vec4 v0xaaab19cf8ec0_0, 0, 40;
    %jmp T_20.21;
T_20.14 ;
    %pushi/vec4 16708, 0, 32; draw_string_vec4
    %pushi/vec4 68, 0, 8; draw_string_vec4
    %concat/vec4; draw_string_vec4
    %store/vec4 v0xaaab19cf8ec0_0, 0, 40;
    %jmp T_20.21;
T_20.15 ;
    %pushi/vec4 21333, 0, 32; draw_string_vec4
    %pushi/vec4 66, 0, 8; draw_string_vec4
    %concat/vec4; draw_string_vec4
    %store/vec4 v0xaaab19cf8ec0_0, 0, 40;
    %jmp T_20.21;
T_20.16 ;
    %pushi/vec4 16718, 0, 32; draw_string_vec4
    %pushi/vec4 68, 0, 8; draw_string_vec4
    %concat/vec4; draw_string_vec4
    %store/vec4 v0xaaab19cf8ec0_0, 0, 40;
    %jmp T_20.21;
T_20.17 ;
    %pushi/vec4 79, 0, 32; draw_string_vec4
    %pushi/vec4 82, 0, 8; draw_string_vec4
    %concat/vec4; draw_string_vec4
    %store/vec4 v0xaaab19cf8ec0_0, 0, 40;
    %jmp T_20.21;
T_20.18 ;
    %pushi/vec4 20047, 0, 32; draw_string_vec4
    %pushi/vec4 82, 0, 8; draw_string_vec4
    %concat/vec4; draw_string_vec4
    %store/vec4 v0xaaab19cf8ec0_0, 0, 40;
    %jmp T_20.21;
T_20.19 ;
    %pushi/vec4 21324, 0, 32; draw_string_vec4
    %pushi/vec4 84, 0, 8; draw_string_vec4
    %concat/vec4; draw_string_vec4
    %store/vec4 v0xaaab19cf8ec0_0, 0, 40;
    %jmp T_20.21;
T_20.21 ;
    %pop/vec4 1;
    %jmp T_20.9;
T_20.3 ;
    %pushi/vec4 76, 0, 32; draw_string_vec4
    %pushi/vec4 87, 0, 8; draw_string_vec4
    %concat/vec4; draw_string_vec4
    %store/vec4 v0xaaab19cf8ec0_0, 0, 40;
    %jmp T_20.9;
T_20.4 ;
    %pushi/vec4 83, 0, 32; draw_string_vec4
    %pushi/vec4 87, 0, 8; draw_string_vec4
    %concat/vec4; draw_string_vec4
    %store/vec4 v0xaaab19cf8ec0_0, 0, 40;
    %jmp T_20.9;
T_20.5 ;
    %pushi/vec4 16965, 0, 32; draw_string_vec4
    %pushi/vec4 81, 0, 8; draw_string_vec4
    %concat/vec4; draw_string_vec4
    %store/vec4 v0xaaab19cf8ec0_0, 0, 40;
    %jmp T_20.9;
T_20.6 ;
    %pushi/vec4 16974, 0, 32; draw_string_vec4
    %pushi/vec4 69, 0, 8; draw_string_vec4
    %concat/vec4; draw_string_vec4
    %store/vec4 v0xaaab19cf8ec0_0, 0, 40;
    %jmp T_20.9;
T_20.7 ;
    %pushi/vec4 4277316, 0, 32; draw_string_vec4
    %pushi/vec4 73, 0, 8; draw_string_vec4
    %concat/vec4; draw_string_vec4
    %store/vec4 v0xaaab19cf8ec0_0, 0, 40;
    %jmp T_20.9;
T_20.9 ;
    %pop/vec4 1;
T_20.1 ;
    %jmp T_20;
    .thread T_20, $push;
    .scope S_0xaaab19cf7420;
T_21 ;
    %wait E_0xaaab19cf76b0;
    %load/vec4 v0xaaab19cf9000_0;
    %load/vec4 v0xaaab19cf9810_0;
    %concat/vec4; draw_concat_vec4
    %load/vec4 v0xaaab19cf98d0_0;
    %concat/vec4; draw_concat_vec4
    %load/vec4 v0xaaab19cf9990_0;
    %concat/vec4; draw_concat_vec4
    %split/vec4 32;
    %assign/vec4 v0xaaab19cf9a30_0, 0;
    %split/vec4 32;
    %assign/vec4 v0xaaab19cf9990_0, 0;
    %split/vec4 32;
    %assign/vec4 v0xaaab19cf98d0_0, 0;
    %assign/vec4 v0xaaab19cf90c0_0, 0;
    %jmp T_21;
    .thread T_21;
    .scope S_0xaaab19cc8850;
T_22 ;
    %pushi/vec4 0, 0, 1;
    %store/vec4 v0xaaab19cfa1a0_0, 0, 1;
    %pushi/vec4 0, 0, 1;
    %store/vec4 v0xaaab19cfa3e0_0, 0, 1;
    %delay 42500, 0;
    %pushi/vec4 1, 0, 1;
    %store/vec4 v0xaaab19cfa3e0_0, 0, 1;
    %delay 400000, 0;
    %vpi_call 2 30 "$finish" {0 0 0};
    %end;
    .thread T_22;
    .scope S_0xaaab19cc8850;
T_23 ;
    %delay 5000, 0;
    %load/vec4 v0xaaab19cfa1a0_0;
    %inv;
    %store/vec4 v0xaaab19cfa1a0_0, 0, 1;
    %jmp T_23;
    .thread T_23;
    .scope S_0xaaab19cc8850;
T_24 ;
    %vpi_call 2 43 "$readmemh", "program.hex", v0xaaab19cee920 {0 0 0};
    %end;
    .thread T_24;
    .scope S_0xaaab19cc8850;
T_25 ;
    %vpi_call 2 50 "$dumpfile", "tb_dumpfile.vcd" {0 0 0};
    %vpi_call 2 51 "$dumpvars", 32'sb00000000000000000000000000000000, S_0xaaab19cc8850 {0 0 0};
    %pushi/vec4 0, 0, 32;
    %store/vec4 v0xaaab19cfa300_0, 0, 32;
T_25.0 ;
    %load/vec4 v0xaaab19cfa300_0;
    %cmpi/s 32, 0, 32;
    %jmp/0xz T_25.1, 5;
    %vpi_call 2 54 "$dumpvars", 32'sb00000000000000000000000000000001, &A<v0xaaab19cf1f00, v0xaaab19cfa300_0 > {0 0 0};
    %vpi_call 2 55 "$dumpvars", 32'sb00000000000000000000000000000001, &A<v0xaaab19cee920, v0xaaab19cfa300_0 > {0 0 0};
    %vpi_call 2 56 "$dumpvars", 32'sb00000000000000000000000000000001, &A<v0xaaab19ced5f0, v0xaaab19cfa300_0 > {0 0 0};
    %load/vec4 v0xaaab19cfa300_0;
    %addi 1, 0, 32;
    %store/vec4 v0xaaab19cfa300_0, 0, 32;
    %jmp T_25.0;
T_25.1 ;
    %end;
    .thread T_25;
    .scope S_0xaaab19cc8850;
T_26 ;
    %wait E_0xaaab19cd4180;
    %load/vec4 v0xaaab19cf4f50_0;
    %cmpi/u 200, 0, 32;
    %jmp/0xz  T_26.0, 5;
    %vpi_call 2 64 "$display", "PC: %4d | %s", v0xaaab19cf4f50_0, v0xaaab19cfa480_0 {0 0 0};
T_26.0 ;
    %jmp T_26;
    .thread T_26;
    .scope S_0xaaab19cc8850;
T_27 ;
    %vpi_func 2 66 "$fopen" 32, "output.txt", "w" {0 0 0};
    %store/vec4 v0xaaab19cfa260_0, 0, 32;
    %end;
    .thread T_27;
    .scope S_0xaaab19cc8850;
T_28 ;
    %wait E_0xaaab19cd4180;
    %load/vec4 v0xaaab19cf4f50_0;
    %assign/vec4 v0xaaab19cfa0a0_0, 0;
    %load/vec4 v0xaaab19cfa0a0_0;
    %pushi/vec4 40, 0, 32;
    %cmp/e;
    %flag_get/vec4 4;
    %load/vec4 v0xaaab19cf4f50_0;
    %pushi/vec4 40, 0, 32;
    %cmp/e;
    %flag_get/vec4 4;
    %and;
    %flag_set/vec4 8;
    %jmp/0xz  T_28.0, 8;
    %vpi_call 2 73 "$fwrite", v0xaaab19cfa260_0, "STALL @AND\012" {0 0 0};
    %jmp T_28.1;
T_28.0 ;
    %load/vec4 v0xaaab19cfa0a0_0;
    %pushi/vec4 60, 0, 32;
    %cmp/e;
    %flag_get/vec4 4;
    %load/vec4 v0xaaab19cf4f50_0;
    %pushi/vec4 60, 0, 32;
    %cmp/e;
    %flag_get/vec4 4;
    %and;
    %flag_set/vec4 8;
    %jmp/0xz  T_28.2, 8;
    %vpi_call 2 74 "$fwrite", v0xaaab19cfa260_0, "STALL @SLL\012" {0 0 0};
    %jmp T_28.3;
T_28.2 ;
    %delay 1000, 0;
    %load/vec4 v0xaaab19cf4f50_0;
    %dup/vec4;
    %pushi/vec4 16, 0, 32;
    %cmp/u;
    %jmp/1 T_28.4, 6;
    %dup/vec4;
    %pushi/vec4 20, 0, 32;
    %cmp/u;
    %jmp/1 T_28.5, 6;
    %dup/vec4;
    %pushi/vec4 24, 0, 32;
    %cmp/u;
    %jmp/1 T_28.6, 6;
    %dup/vec4;
    %pushi/vec4 28, 0, 32;
    %cmp/u;
    %jmp/1 T_28.7, 6;
    %dup/vec4;
    %pushi/vec4 32, 0, 32;
    %cmp/u;
    %jmp/1 T_28.8, 6;
    %dup/vec4;
    %pushi/vec4 36, 0, 32;
    %cmp/u;
    %jmp/1 T_28.9, 6;
    %dup/vec4;
    %pushi/vec4 40, 0, 32;
    %cmp/u;
    %jmp/1 T_28.10, 6;
    %dup/vec4;
    %pushi/vec4 44, 0, 32;
    %cmp/u;
    %jmp/1 T_28.11, 6;
    %dup/vec4;
    %pushi/vec4 48, 0, 32;
    %cmp/u;
    %jmp/1 T_28.12, 6;
    %dup/vec4;
    %pushi/vec4 52, 0, 32;
    %cmp/u;
    %jmp/1 T_28.13, 6;
    %dup/vec4;
    %pushi/vec4 56, 0, 32;
    %cmp/u;
    %jmp/1 T_28.14, 6;
    %dup/vec4;
    %pushi/vec4 60, 0, 32;
    %cmp/u;
    %jmp/1 T_28.15, 6;
    %dup/vec4;
    %pushi/vec4 64, 0, 32;
    %cmp/u;
    %jmp/1 T_28.16, 6;
    %dup/vec4;
    %pushi/vec4 68, 0, 32;
    %cmp/u;
    %jmp/1 T_28.17, 6;
    %dup/vec4;
    %pushi/vec4 72, 0, 32;
    %cmp/u;
    %jmp/1 T_28.18, 6;
    %dup/vec4;
    %pushi/vec4 76, 0, 32;
    %cmp/u;
    %jmp/1 T_28.19, 6;
    %dup/vec4;
    %pushi/vec4 80, 0, 32;
    %cmp/u;
    %jmp/1 T_28.20, 6;
    %dup/vec4;
    %pushi/vec4 88, 0, 32;
    %cmp/u;
    %jmp/1 T_28.21, 6;
    %jmp T_28.22;
T_28.4 ;
    %ix/load 4, 8, 0;
    %flag_set/imm 4, 0;
    %load/vec4a v0xaaab19cf1f00, 4;
    %cmpi/e 24, 0, 32;
    %flag_mov 8, 4;
    %jmp/0 T_28.23, 8;
    %pushi/vec4 1346458451, 0, 32; draw_string_vec4
    %jmp/1 T_28.24, 8;
T_28.23 ; End of true expr.
    %pushi/vec4 1178683724, 0, 32; draw_string_vec4
    %jmp/0 T_28.24, 8;
 ; End of false expr.
    %blend;
T_28.24;
    %vpi_call 2 77 "$fwrite", v0xaaab19cfa260_0, "add $t0, $t0, $s0  : %s\012", S<0,vec4,u32> {1 0 0};
    %jmp T_28.22;
T_28.5 ;
    %ix/load 4, 14, 0;
    %flag_set/imm 4, 0;
    %load/vec4a v0xaaab19ced5f0, 4;
    %cmpi/e 31, 0, 32;
    %flag_mov 8, 4;
    %jmp/0 T_28.25, 8;
    %pushi/vec4 1346458451, 0, 32; draw_string_vec4
    %jmp/1 T_28.26, 8;
T_28.25 ; End of true expr.
    %pushi/vec4 1178683724, 0, 32; draw_string_vec4
    %jmp/0 T_28.26, 8;
 ; End of false expr.
    %blend;
T_28.26;
    %vpi_call 2 78 "$fwrite", v0xaaab19cfa260_0, "sw $ra, 4($t2)     : %s\012", S<0,vec4,u32> {1 0 0};
    %jmp T_28.22;
T_28.6 ;
    %ix/load 4, 13, 0;
    %flag_set/imm 4, 0;
    %load/vec4a v0xaaab19cf1f00, 4;
    %cmpi/e 31, 0, 32;
    %flag_mov 8, 4;
    %jmp/0 T_28.27, 8;
    %pushi/vec4 1346458451, 0, 32; draw_string_vec4
    %jmp/1 T_28.28, 8;
T_28.27 ; End of true expr.
    %pushi/vec4 1178683724, 0, 32; draw_string_vec4
    %jmp/0 T_28.28, 8;
 ; End of false expr.
    %blend;
T_28.28;
    %vpi_call 2 79 "$fwrite", v0xaaab19cfa260_0, "lw $t5, 4($t2)     : %s\012", S<0,vec4,u32> {1 0 0};
    %jmp T_28.22;
T_28.7 ;
    %ix/load 4, 9, 0;
    %flag_set/imm 4, 0;
    %load/vec4a v0xaaab19cf1f00, 4;
    %cmpi/e 5, 0, 32;
    %flag_mov 8, 4;
    %jmp/0 T_28.29, 8;
    %pushi/vec4 1346458451, 0, 32; draw_string_vec4
    %jmp/1 T_28.30, 8;
T_28.29 ; End of true expr.
    %pushi/vec4 1178683724, 0, 32; draw_string_vec4
    %jmp/0 T_28.30, 8;
 ; End of false expr.
    %blend;
T_28.30;
    %vpi_call 2 80 "$fwrite", v0xaaab19cfa260_0, "sub $t1, $t1, $a0  : %s\012", S<0,vec4,u32> {1 0 0};
    %jmp T_28.22;
T_28.8 ;
    %ix/load 4, 14, 0;
    %flag_set/imm 4, 0;
    %load/vec4a v0xaaab19cf1f00, 4;
    %cmpi/e 31, 0, 32;
    %flag_mov 8, 4;
    %jmp/0 T_28.31, 8;
    %pushi/vec4 1346458451, 0, 32; draw_string_vec4
    %jmp/1 T_28.32, 8;
T_28.31 ; End of true expr.
    %pushi/vec4 1178683724, 0, 32; draw_string_vec4
    %jmp/0 T_28.32, 8;
 ; End of false expr.
    %blend;
T_28.32;
    %vpi_call 2 81 "$fwrite", v0xaaab19cfa260_0, "or $t6, $t7, $t5   : %s\012", S<0,vec4,u32> {1 0 0};
    %jmp T_28.22;
T_28.9 ;
    %ix/load 4, 19, 0;
    %flag_set/imm 4, 0;
    %load/vec4a v0xaaab19cf1f00, 4;
    %cmpi/e 16, 0, 32;
    %flag_mov 8, 4;
    %jmp/0 T_28.33, 8;
    %pushi/vec4 1346458451, 0, 32; draw_string_vec4
    %jmp/1 T_28.34, 8;
T_28.33 ; End of true expr.
    %pushi/vec4 1178683724, 0, 32; draw_string_vec4
    %jmp/0 T_28.34, 8;
 ; End of false expr.
    %blend;
T_28.34;
    %vpi_call 2 82 "$fwrite", v0xaaab19cfa260_0, "and $s3, $s0, $s2  : %s\012", S<0,vec4,u32> {1 0 0};
    %jmp T_28.22;
T_28.10 ;
    %ix/load 4, 14, 0;
    %flag_set/imm 4, 0;
    %load/vec4a v0xaaab19cf1f00, 4;
    %cmpi/e 31, 0, 32;
    %flag_mov 8, 4;
    %jmp/0 T_28.35, 8;
    %pushi/vec4 1346458451, 0, 32; draw_string_vec4
    %jmp/1 T_28.36, 8;
T_28.35 ; End of true expr.
    %pushi/vec4 1178683724, 0, 32; draw_string_vec4
    %jmp/0 T_28.36, 8;
 ; End of false expr.
    %blend;
T_28.36;
    %vpi_call 2 83 "$fwrite", v0xaaab19cfa260_0, "lw $t6, 4($t2)     : %s\012", S<0,vec4,u32> {1 0 0};
    %jmp T_28.22;
T_28.11 ;
    %ix/load 4, 18, 0;
    %flag_set/imm 4, 0;
    %load/vec4a v0xaaab19ced5f0, 4;
    %cmpi/e 28, 0, 32;
    %flag_mov 8, 4;
    %jmp/0 T_28.37, 8;
    %pushi/vec4 1346458451, 0, 32; draw_string_vec4
    %jmp/1 T_28.38, 8;
T_28.37 ; End of true expr.
    %pushi/vec4 1178683724, 0, 32; draw_string_vec4
    %jmp/0 T_28.38, 8;
 ; End of false expr.
    %blend;
T_28.38;
    %vpi_call 2 84 "$fwrite", v0xaaab19cfa260_0, "sw $gp, 8($t2)     : %s\012", S<0,vec4,u32> {1 0 0};
    %jmp T_28.22;
T_28.12 ;
    %ix/load 4, 2, 0;
    %flag_set/imm 4, 0;
    %load/vec4a v0xaaab19cf1f00, 4;
    %cmpi/e 28, 0, 32;
    %flag_mov 8, 4;
    %jmp/0 T_28.39, 8;
    %pushi/vec4 1346458451, 0, 32; draw_string_vec4
    %jmp/1 T_28.40, 8;
T_28.39 ; End of true expr.
    %pushi/vec4 1178683724, 0, 32; draw_string_vec4
    %jmp/0 T_28.40, 8;
 ; End of false expr.
    %blend;
T_28.40;
    %vpi_call 2 85 "$fwrite", v0xaaab19cfa260_0, "lw $v0, 8($t2)     : %s\012", S<0,vec4,u32> {1 0 0};
    %jmp T_28.22;
T_28.13 ;
    %ix/load 4, 4, 0;
    %flag_set/imm 4, 0;
    %load/vec4a v0xaaab19cf1f00, 4;
    %cmpi/e 28, 0, 32;
    %flag_mov 8, 4;
    %jmp/0 T_28.41, 8;
    %pushi/vec4 1346458451, 0, 32; draw_string_vec4
    %jmp/1 T_28.42, 8;
T_28.41 ; End of true expr.
    %pushi/vec4 1178683724, 0, 32; draw_string_vec4
    %jmp/0 T_28.42, 8;
 ; End of false expr.
    %blend;
T_28.42;
    %vpi_call 2 86 "$fwrite", v0xaaab19cfa260_0, "and $a0, $v0, $t5  : %s\012", S<0,vec4,u32> {1 0 0};
    %jmp T_28.22;
T_28.14 ;
    %ix/load 4, 4, 0;
    %flag_set/imm 4, 0;
    %load/vec4a v0xaaab19cf1f00, 4;
    %cmpi/e 28, 0, 32;
    %flag_mov 8, 4;
    %jmp/0 T_28.43, 8;
    %pushi/vec4 1346458451, 0, 32; draw_string_vec4
    %jmp/1 T_28.44, 8;
T_28.43 ; End of true expr.
    %pushi/vec4 1178683724, 0, 32; draw_string_vec4
    %jmp/0 T_28.44, 8;
 ; End of false expr.
    %blend;
T_28.44;
    %vpi_call 2 87 "$fwrite", v0xaaab19cfa260_0, "or $a0, $a0, $t0   : %s\012", S<0,vec4,u32> {1 0 0};
    %jmp T_28.22;
T_28.15 ;
    %ix/load 4, 9, 0;
    %flag_set/imm 4, 0;
    %load/vec4a v0xaaab19cf1f00, 4;
    %cmpi/e 56, 0, 32;
    %flag_mov 8, 4;
    %jmp/0 T_28.45, 8;
    %pushi/vec4 1346458451, 0, 32; draw_string_vec4
    %jmp/1 T_28.46, 8;
T_28.45 ; End of true expr.
    %pushi/vec4 1178683724, 0, 32; draw_string_vec4
    %jmp/0 T_28.46, 8;
 ; End of false expr.
    %blend;
T_28.46;
    %vpi_call 2 88 "$fwrite", v0xaaab19cfa260_0, "add $t1, $a0, $v0  : %s\012", S<0,vec4,u32> {1 0 0};
    %jmp T_28.22;
T_28.16 ;
    %ix/load 4, 29, 0;
    %flag_set/imm 4, 0;
    %load/vec4a v0xaaab19cf1f00, 4;
    %cmpi/e 1, 0, 32;
    %flag_mov 8, 4;
    %jmp/0 T_28.47, 8;
    %pushi/vec4 1346458451, 0, 32; draw_string_vec4
    %jmp/1 T_28.48, 8;
T_28.47 ; End of true expr.
    %pushi/vec4 1178683724, 0, 32; draw_string_vec4
    %jmp/0 T_28.48, 8;
 ; End of false expr.
    %blend;
T_28.48;
    %vpi_call 2 89 "$fwrite", v0xaaab19cfa260_0, "slt $sp, $a0, $t1  : %s\012", S<0,vec4,u32> {1 0 0};
    %jmp T_28.22;
T_28.17 ;
    %ix/load 4, 2, 0;
    %flag_set/imm 4, 0;
    %load/vec4a v0xaaab19cf1f00, 4;
    %cmpi/e 28, 0, 32;
    %flag_mov 8, 4;
    %jmp/0 T_28.49, 8;
    %pushi/vec4 1346458451, 0, 32; draw_string_vec4
    %jmp/1 T_28.50, 8;
T_28.49 ; End of true expr.
    %pushi/vec4 1178683724, 0, 32; draw_string_vec4
    %jmp/0 T_28.50, 8;
 ; End of false expr.
    %blend;
T_28.50;
    %vpi_call 2 90 "$fwrite", v0xaaab19cfa260_0, "lw $v0, 8($t2)     : %s\012", S<0,vec4,u32> {1 0 0};
    %jmp T_28.22;
T_28.18 ;
    %ix/load 4, 20, 0;
    %flag_set/imm 4, 0;
    %load/vec4a v0xaaab19cf1f00, 4;
    %cmpi/e 114688, 0, 32;
    %flag_mov 8, 4;
    %jmp/0 T_28.51, 8;
    %pushi/vec4 1346458451, 0, 32; draw_string_vec4
    %jmp/1 T_28.52, 8;
T_28.51 ; End of true expr.
    %pushi/vec4 1178683724, 0, 32; draw_string_vec4
    %jmp/0 T_28.52, 8;
 ; End of false expr.
    %blend;
T_28.52;
    %vpi_call 2 91 "$fwrite", v0xaaab19cfa260_0, "sll $s4, $v0, 12   : %s\012", S<0,vec4,u32> {1 0 0};
    %jmp T_28.22;
T_28.19 ;
    %ix/load 4, 22, 0;
    %flag_set/imm 4, 0;
    %load/vec4a v0xaaab19cf1f00, 4;
    %cmpi/e 229376, 0, 32;
    %flag_mov 8, 4;
    %jmp/0 T_28.53, 8;
    %pushi/vec4 1346458451, 0, 32; draw_string_vec4
    %jmp/1 T_28.54, 8;
T_28.53 ; End of true expr.
    %pushi/vec4 1178683724, 0, 32; draw_string_vec4
    %jmp/0 T_28.54, 8;
 ; End of false expr.
    %blend;
T_28.54;
    %vpi_call 2 92 "$fwrite", v0xaaab19cfa260_0, "sllv $s6, $s4, $sp : %s\012", S<0,vec4,u32> {1 0 0};
    %jmp T_28.22;
T_28.20 ;
    %ix/load 4, 22, 0;
    %flag_set/imm 4, 0;
    %load/vec4a v0xaaab19cf1f00, 4;
    %cmpi/e 229276, 0, 32;
    %flag_mov 8, 4;
    %jmp/0 T_28.55, 8;
    %pushi/vec4 1346458451, 0, 32; draw_string_vec4
    %jmp/1 T_28.56, 8;
T_28.55 ; End of true expr.
    %pushi/vec4 1178683724, 0, 32; draw_string_vec4
    %jmp/0 T_28.56, 8;
 ; End of false expr.
    %blend;
T_28.56;
    %vpi_call 2 93 "$fwrite", v0xaaab19cfa260_0, "addi $s6, $s6, -100: %s\012", S<0,vec4,u32> {1 0 0};
    %jmp T_28.22;
T_28.21 ;
    %vpi_call 2 94 "$fclose", v0xaaab19cfa260_0 {0 0 0};
    %jmp T_28.22;
T_28.22 ;
    %pop/vec4 1;
T_28.3 ;
T_28.1 ;
    %jmp T_28;
    .thread T_28;
# The file index is used to find the file name in the following table.
:file_names 6;
    "N/A";
    "<interactive>";
    "testbench.v";
    "cpu.v";
    "control.v";
    "library.v";
